c:\dev\turanengıne\bın-ınt\opengl3\vc142.pdb
c:\dev\turanengıne\bın-ınt\opengl3\glad.obj
c:\dev\turanengıne\bın-ınt\opengl3\ogl3_texture.obj
c:\dev\turanengıne\bın-ınt\opengl3\ogl3_shader.obj
c:\dev\turanengıne\bın-ınt\opengl3\ogl3_rendergraph.obj
c:\dev\turanengıne\bın-ınt\opengl3\ogl3_renderer_core.obj
c:\dev\turanengıne\bın-ınt\opengl3\ogl3_materıal.obj
c:\dev\turanengıne\bın-ınt\opengl3\ogl3_enums.obj
c:\dev\turanengıne\bın-ınt\opengl3\ogl3_draw_pass.obj
c:\dev\turanengıne\bın-ınt\opengl3\ogl3_core.obj
c:\dev\turanengıne\bın\opengl3\opengl3.dll
c:\dev\turanengıne\bın\opengl3\opengl3.pdb
c:\dev\turanengine\bin\opengl3\opengl3.lib
c:\dev\turanengine\bin\opengl3\opengl3.exp
c:\dev\turanengine\bin\opengl3\opengl3.ipdb
c:\dev\turanengine\bin\opengl3\opengl3.iobj
c:\dev\turanengine\bin-int\opengl3\glad.obj
c:\dev\turanengine\bin-int\opengl3\ogl3_core.obj
c:\dev\turanengine\bin-int\opengl3\ogl3_draw_pass.obj
c:\dev\turanengine\bin-int\opengl3\ogl3_enums.obj
c:\dev\turanengine\bin-int\opengl3\ogl3_material.obj
c:\dev\turanengine\bin-int\opengl3\ogl3_renderer_core.obj
c:\dev\turanengine\bin-int\opengl3\ogl3_rendergraph.obj
c:\dev\turanengine\bin-int\opengl3\ogl3_shader.obj
c:\dev\turanengine\bin-int\opengl3\ogl3_texture.obj
c:\dev\turanengine\bin-int\opengl3\vc142.pdb
c:\dev\turanengine\bin\opengl3\opengl3.pdb
c:\dev\turanengine\bin\opengl3\opengl3.dll
c:\dev\turanengine\bin-int\opengl3\opengl3.tlog\cl.command.1.tlog
c:\dev\turanengine\bin-int\opengl3\opengl3.tlog\cl.read.1.tlog
c:\dev\turanengine\bin-int\opengl3\opengl3.tlog\cl.write.1.tlog
c:\dev\turanengine\bin-int\opengl3\opengl3.tlog\link.command.1.tlog
c:\dev\turanengine\bin-int\opengl3\opengl3.tlog\link.read.1.tlog
c:\dev\turanengine\bin-int\opengl3\opengl3.tlog\link.write.1.tlog
c:\dev\turanengine\bin-int\opengl3\opengl3.tlog\opengl3.write.1u.tlog
