C:\Program Files (x86)\Microsoft Visual Studio\2019\Community\MSBuild\Microsoft\VC\v160\Microsoft.CppBuild.targets(437,5): warning MSB8004: Intermediate Directory does not end with a trailing slash.  This build instance will add the slash as it is required to allow proper evaluation of the Intermediate Directory.
C:\Program Files (x86)\Microsoft Visual Studio\2019\Community\MSBuild\Microsoft\VC\v160\Microsoft.CppBuild.targets(438,5): warning MSB8004: Output Directory does not end with a trailing slash.  This build instance will add the slash as it is required to allow proper evaluation of the Output Directory.
  glad.c
  imgui_impl_glfw.cpp
C:\dev\TuranEngine\OpenGL3\OpenGL3Source\IMGUI\imgui_impl_glfw.cpp(94,1): warning C4273: 'ImGui_ImplGlfw_MouseButtonCallback': inconsistent dll linkage
C:\dev\TuranEngine\OpenGL3\OpenGL3Source\IMGUI\imgui_impl_glfw.h(31,25): message : see previous definition of 'ImGui_ImplGlfw_MouseButtonCallback'
C:\dev\TuranEngine\OpenGL3\OpenGL3Source\IMGUI\imgui_impl_glfw.cpp(103,1): warning C4273: 'ImGui_ImplGlfw_ScrollCallback': inconsistent dll linkage
C:\dev\TuranEngine\OpenGL3\OpenGL3Source\IMGUI\imgui_impl_glfw.h(32,25): message : see previous definition of 'ImGui_ImplGlfw_ScrollCallback'
C:\dev\TuranEngine\OpenGL3\OpenGL3Source\IMGUI\imgui_impl_glfw.cpp(113,1): warning C4273: 'ImGui_ImplGlfw_KeyCallback': inconsistent dll linkage
C:\dev\TuranEngine\OpenGL3\OpenGL3Source\IMGUI\imgui_impl_glfw.h(33,25): message : see previous definition of 'ImGui_ImplGlfw_KeyCallback'
C:\dev\TuranEngine\OpenGL3\OpenGL3Source\IMGUI\imgui_impl_glfw.cpp(131,1): warning C4273: 'ImGui_ImplGlfw_CharCallback': inconsistent dll linkage
C:\dev\TuranEngine\OpenGL3\OpenGL3Source\IMGUI\imgui_impl_glfw.h(34,25): message : see previous definition of 'ImGui_ImplGlfw_CharCallback'
C:\dev\TuranEngine\OpenGL3\OpenGL3Source\IMGUI\imgui_impl_glfw.cpp(218,1): warning C4273: 'ImGui_ImplGlfw_InitForOpenGL': inconsistent dll linkage
C:\dev\TuranEngine\OpenGL3\OpenGL3Source\IMGUI\imgui_impl_glfw.h(24,25): message : see previous definition of 'ImGui_ImplGlfw_InitForOpenGL'
C:\dev\TuranEngine\OpenGL3\OpenGL3Source\IMGUI\imgui_impl_glfw.cpp(223,1): warning C4273: 'ImGui_ImplGlfw_InitForVulkan': inconsistent dll linkage
C:\dev\TuranEngine\OpenGL3\OpenGL3Source\IMGUI\imgui_impl_glfw.h(25,25): message : see previous definition of 'ImGui_ImplGlfw_InitForVulkan'
C:\dev\TuranEngine\OpenGL3\OpenGL3Source\IMGUI\imgui_impl_glfw.cpp(228,1): warning C4273: 'ImGui_ImplGlfw_Shutdown': inconsistent dll linkage
C:\dev\TuranEngine\OpenGL3\OpenGL3Source\IMGUI\imgui_impl_glfw.h(26,25): message : see previous definition of 'ImGui_ImplGlfw_Shutdown'
C:\dev\TuranEngine\OpenGL3\OpenGL3Source\IMGUI\imgui_impl_glfw.cpp(372,1): warning C4273: 'ImGui_ImplGlfw_NewFrame': inconsistent dll linkage
  imgui_impl_opengl3.cpp
C:\dev\TuranEngine\OpenGL3\OpenGL3Source\IMGUI\imgui_impl_glfw.h(27,25): message : see previous definition of 'ImGui_ImplGlfw_NewFrame'
C:\dev\TuranEngine\OpenGL3\OpenGL3Source\IMGUI\imgui_impl_opengl3.cpp(130,1): warning C4273: 'ImGui_ImplOpenGL3_Init': inconsistent dll linkage
C:\dev\TuranEngine\OpenGL3\OpenGL3Source\IMGUI\imgui_impl_opengl3.h(39,25): message : see previous definition of 'ImGui_ImplOpenGL3_Init'
C:\dev\TuranEngine\OpenGL3\OpenGL3Source\IMGUI\imgui_impl_opengl3.cpp(167,1): warning C4273: 'ImGui_ImplOpenGL3_Shutdown': inconsistent dll linkage
C:\dev\TuranEngine\OpenGL3\OpenGL3Source\IMGUI\imgui_impl_opengl3.h(40,25): message : see previous definition of 'ImGui_ImplOpenGL3_Shutdown'
C:\dev\TuranEngine\OpenGL3\OpenGL3Source\IMGUI\imgui_impl_opengl3.cpp(173,1): warning C4273: 'ImGui_ImplOpenGL3_NewFrame': inconsistent dll linkage
C:\dev\TuranEngine\OpenGL3\OpenGL3Source\IMGUI\imgui_impl_opengl3.h(41,25): message : see previous definition of 'ImGui_ImplOpenGL3_NewFrame'
C:\dev\TuranEngine\OpenGL3\OpenGL3Source\IMGUI\imgui_impl_opengl3.cpp(232,1): warning C4273: 'ImGui_ImplOpenGL3_RenderDrawData': inconsistent dll linkage
C:\dev\TuranEngine\OpenGL3\OpenGL3Source\IMGUI\imgui_impl_opengl3.h(42,25): message : see previous definition of 'ImGui_ImplOpenGL3_RenderDrawData'
C:\dev\TuranEngine\OpenGL3\OpenGL3Source\IMGUI\imgui_impl_opengl3.cpp(366,1): warning C4273: 'ImGui_ImplOpenGL3_CreateFontsTexture': inconsistent dll linkage
C:\dev\TuranEngine\OpenGL3\OpenGL3Source\IMGUI\imgui_impl_opengl3.h(45,25): message : see previous definition of 'ImGui_ImplOpenGL3_CreateFontsTexture'
C:\dev\TuranEngine\OpenGL3\OpenGL3Source\IMGUI\imgui_impl_opengl3.cpp(395,1): warning C4273: 'ImGui_ImplOpenGL3_DestroyFontsTexture': inconsistent dll linkage
C:\dev\TuranEngine\OpenGL3\OpenGL3Source\IMGUI\imgui_impl_opengl3.h(46,25): message : see previous definition of 'ImGui_ImplOpenGL3_DestroyFontsTexture'
C:\dev\TuranEngine\OpenGL3\OpenGL3Source\IMGUI\imgui_impl_opengl3.cpp(442,1): warning C4273: 'ImGui_ImplOpenGL3_CreateDeviceObjects': inconsistent dll linkage
C:\dev\TuranEngine\OpenGL3\OpenGL3Source\IMGUI\imgui_impl_opengl3.h(47,25): message : see previous definition of 'ImGui_ImplOpenGL3_CreateDeviceObjects'
C:\dev\TuranEngine\OpenGL3\OpenGL3Source\IMGUI\imgui_impl_opengl3.cpp(622,1): warning C4273: 'ImGui_ImplOpenGL3_DestroyDeviceObjects': inconsistent dll linkage
  IMGUI_OGL3.cpp
C:\dev\TuranEngine\OpenGL3\OpenGL3Source\IMGUI\imgui_impl_opengl3.h(48,25): message : see previous definition of 'ImGui_ImplOpenGL3_DestroyDeviceObjects'
C:\dev\TuranEngine\TuranAPI\TuranAPI\IMGUI\IMGUI_WINDOW.h(10,22): warning C4251: 'TuranAPI::IMGUI::IMGUI_WINDOW::Window_Name': class 'std::basic_string<char,std::char_traits<char>,std::allocator<char>>' needs to have dll-interface to be used by clients of class 'TuranAPI::IMGUI::IMGUI_WINDOW'
C:\Program Files (x86)\Microsoft Visual Studio\2019\Community\VC\Tools\MSVC\14.23.28105\include\xstring(4440): message : see declaration of 'std::basic_string<char,std::char_traits<char>,std::allocator<char>>'
C:\dev\TuranEngine\TuranAPI\TuranAPI\IMGUI\IMGUI_WINDOW.h(12,50): warning C4251: 'TuranAPI::IMGUI::IMGUI_WINDOW::ALL_IMGUI_WINDOWs': class 'std::vector<TuranAPI::IMGUI::IMGUI_WINDOW *,std::allocator<_Ty>>' needs to have dll-interface to be used by clients of class 'TuranAPI::IMGUI::IMGUI_WINDOW'
C:\dev\TuranEngine\TuranAPI\TuranAPI\IMGUI\IMGUI_WINDOW.h(12,50): warning C4251:         with
C:\dev\TuranEngine\TuranAPI\TuranAPI\IMGUI\IMGUI_WINDOW.h(12,50): warning C4251:         [
C:\dev\TuranEngine\TuranAPI\TuranAPI\IMGUI\IMGUI_WINDOW.h(12,50): warning C4251:             _Ty=TuranAPI::IMGUI::IMGUI_WINDOW *
C:\dev\TuranEngine\TuranAPI\TuranAPI\IMGUI\IMGUI_WINDOW.h(12,50): warning C4251:         ]
  OGL3_Core.cpp
C:\dev\TuranEngine\TuranAPI\TuranAPI\IMGUI\IMGUI_WINDOW.h(12): message : see declaration of 'std::vector<TuranAPI::IMGUI::IMGUI_WINDOW *,std::allocator<_Ty>>'
C:\dev\TuranEngine\TuranAPI\TuranAPI\IMGUI\IMGUI_WINDOW.h(12): message :         with
C:\dev\TuranEngine\TuranAPI\TuranAPI\IMGUI\IMGUI_WINDOW.h(12): message :         [
C:\dev\TuranEngine\TuranAPI\TuranAPI\IMGUI\IMGUI_WINDOW.h(12): message :             _Ty=TuranAPI::IMGUI::IMGUI_WINDOW *
C:\dev\TuranEngine\TuranAPI\TuranAPI\IMGUI\IMGUI_WINDOW.h(12): message :         ]
C:\dev\TuranEngine\TuranAPI\TuranAPI\FileSystem\Resource_Types\Resource_Type.h(14,15): warning C4251: 'TuranAPI::File_System::Resource_Type::PATH': class 'std::basic_string<char,std::char_traits<char>,std::allocator<char>>' needs to have dll-interface to be used by clients of class 'TuranAPI::File_System::Resource_Type'
C:\Program Files (x86)\Microsoft Visual Studio\2019\Community\VC\Tools\MSVC\14.23.28105\include\xstring(4440): message : see declaration of 'std::basic_string<char,std::char_traits<char>,std::allocator<char>>'
C:\dev\TuranEngine\TuranAPI\TuranAPI\FileSystem\Resource_Types\Resource_Type.h(17,15): warning C4251: 'TuranAPI::File_System::Resource_Type::NAME': class 'std::basic_string<char,std::char_traits<char>,std::allocator<char>>' needs to have dll-interface to be used by clients of class 'TuranAPI::File_System::Resource_Type'
C:\Program Files (x86)\Microsoft Visual Studio\2019\Community\VC\Tools\MSVC\14.23.28105\include\xstring(4440): message : see declaration of 'std::basic_string<char,std::char_traits<char>,std::allocator<char>>'
C:\dev\TuranEngine\TuranAPI\TuranAPI\FileSystem\Resource_Types\Model_Resource.h(41,53): warning C4251: 'TuranAPI::File_System::Static_Model_Data::ALL_MODEL_DATAs': class 'std::vector<TuranAPI::File_System::Static_Model_Data *,std::allocator<_Ty>>' needs to have dll-interface to be used by clients of class 'TuranAPI::File_System::Static_Model_Data'
C:\dev\TuranEngine\TuranAPI\TuranAPI\FileSystem\Resource_Types\Model_Resource.h(41,53): warning C4251:         with
C:\dev\TuranEngine\TuranAPI\TuranAPI\FileSystem\Resource_Types\Model_Resource.h(41,53): warning C4251:         [
C:\dev\TuranEngine\TuranAPI\TuranAPI\FileSystem\Resource_Types\Model_Resource.h(41,53): warning C4251:             _Ty=TuranAPI::File_System::Static_Model_Data *
C:\dev\TuranEngine\TuranAPI\TuranAPI\FileSystem\Resource_Types\Model_Resource.h(41,53): warning C4251:         ]
C:\dev\TuranEngine\TuranAPI\TuranAPI\FileSystem\Resource_Types\Model_Resource.h(41): message : see declaration of 'std::vector<TuranAPI::File_System::Static_Model_Data *,std::allocator<_Ty>>'
C:\dev\TuranEngine\TuranAPI\TuranAPI\FileSystem\Resource_Types\Model_Resource.h(41): message :         with
C:\dev\TuranEngine\TuranAPI\TuranAPI\FileSystem\Resource_Types\Model_Resource.h(41): message :         [
C:\dev\TuranEngine\TuranAPI\TuranAPI\FileSystem\Resource_Types\Model_Resource.h(41): message :             _Ty=TuranAPI::File_System::Static_Model_Data *
C:\dev\TuranEngine\TuranAPI\TuranAPI\FileSystem\Resource_Types\Model_Resource.h(41): message :         ]
C:\dev\TuranEngine\TuranAPI\TuranAPI\FileSystem\Resource_Types\Material_Type_Resource.h(10,29): warning C4251: 'TuranAPI::File_System::Material_Uniform::VARIABLE_NAME': class 'std::basic_string<char,std::char_traits<char>,std::allocator<char>>' needs to have dll-interface to be used by clients of struct 'TuranAPI::File_System::Material_Uniform'
C:\Program Files (x86)\Microsoft Visual Studio\2019\Community\VC\Tools\MSVC\14.23.28105\include\xstring(4440): message : see declaration of 'std::basic_string<char,std::char_traits<char>,std::allocator<char>>'
C:\dev\TuranEngine\TuranAPI\TuranAPI\FileSystem\Resource_Types\Material_Type_Resource.h(26,61): warning C4251: 'TuranAPI::File_System::Material_Type_Resource::ALL_MATERIAL_TYPEs': class 'std::vector<TuranAPI::File_System::Material_Type_Resource *,std::allocator<_Ty>>' needs to have dll-interface to be used by clients of class 'TuranAPI::File_System::Material_Type_Resource'
C:\dev\TuranEngine\TuranAPI\TuranAPI\FileSystem\Resource_Types\Material_Type_Resource.h(26,61): warning C4251:         with
C:\dev\TuranEngine\TuranAPI\TuranAPI\FileSystem\Resource_Types\Material_Type_Resource.h(26,61): warning C4251:         [
C:\dev\TuranEngine\TuranAPI\TuranAPI\FileSystem\Resource_Types\Material_Type_Resource.h(26,61): warning C4251:             _Ty=TuranAPI::File_System::Material_Type_Resource *
C:\dev\TuranEngine\TuranAPI\TuranAPI\FileSystem\Resource_Types\Material_Type_Resource.h(26,61): warning C4251:         ]
C:\dev\TuranEngine\TuranAPI\TuranAPI\FileSystem\Resource_Types\Material_Type_Resource.h(26): message : see declaration of 'std::vector<TuranAPI::File_System::Material_Type_Resource *,std::allocator<_Ty>>'
C:\dev\TuranEngine\TuranAPI\TuranAPI\FileSystem\Resource_Types\Material_Type_Resource.h(26): message :         with
C:\dev\TuranEngine\TuranAPI\TuranAPI\FileSystem\Resource_Types\Material_Type_Resource.h(26): message :         [
C:\dev\TuranEngine\TuranAPI\TuranAPI\FileSystem\Resource_Types\Material_Type_Resource.h(26): message :             _Ty=TuranAPI::File_System::Material_Type_Resource *
C:\dev\TuranEngine\TuranAPI\TuranAPI\FileSystem\Resource_Types\Material_Type_Resource.h(26): message :         ]
C:\dev\TuranEngine\TuranAPI\TuranAPI\FileSystem\Resource_Types\Material_Type_Resource.h(31,24): warning C4251: 'TuranAPI::File_System::Material_Type_Resource::VERTEX_SOURCE': class 'std::basic_string<char,std::char_traits<char>,std::allocator<char>>' needs to have dll-interface to be used by clients of class 'TuranAPI::File_System::Material_Type_Resource'
C:\Program Files (x86)\Microsoft Visual Studio\2019\Community\VC\Tools\MSVC\14.23.28105\include\xstring(4440): message : see declaration of 'std::basic_string<char,std::char_traits<char>,std::allocator<char>>'
C:\dev\TuranEngine\TuranAPI\TuranAPI\FileSystem\Resource_Types\Material_Type_Resource.h(31,41): warning C4251: 'TuranAPI::File_System::Material_Type_Resource::FRAGMENT_SOURCE': class 'std::basic_string<char,std::char_traits<char>,std::allocator<char>>' needs to have dll-interface to be used by clients of class 'TuranAPI::File_System::Material_Type_Resource'
C:\Program Files (x86)\Microsoft Visual Studio\2019\Community\VC\Tools\MSVC\14.23.28105\include\xstring(4440): message : see declaration of 'std::basic_string<char,std::char_traits<char>,std::allocator<char>>'
C:\dev\TuranEngine\TuranAPI\TuranAPI\FileSystem\Resource_Types\Material_Type_Resource.h(32,60): warning C4251: 'TuranAPI::File_System::Material_Type_Resource::UNIFORMs': class 'std::vector<TuranAPI::File_System::Material_Uniform,std::allocator<_Ty>>' needs to have dll-interface to be used by clients of class 'TuranAPI::File_System::Material_Type_Resource'
C:\dev\TuranEngine\TuranAPI\TuranAPI\FileSystem\Resource_Types\Material_Type_Resource.h(32,60): warning C4251:         with
C:\dev\TuranEngine\TuranAPI\TuranAPI\FileSystem\Resource_Types\Material_Type_Resource.h(32,60): warning C4251:         [
C:\dev\TuranEngine\TuranAPI\TuranAPI\FileSystem\Resource_Types\Material_Type_Resource.h(32,60): warning C4251:             _Ty=TuranAPI::File_System::Material_Uniform
C:\dev\TuranEngine\TuranAPI\TuranAPI\FileSystem\Resource_Types\Material_Type_Resource.h(32,60): warning C4251:         ]
C:\dev\TuranEngine\TuranAPI\TuranAPI\FileSystem\Resource_Types\Material_Type_Resource.h(32): message : see declaration of 'std::vector<TuranAPI::File_System::Material_Uniform,std::allocator<_Ty>>'
C:\dev\TuranEngine\TuranAPI\TuranAPI\FileSystem\Resource_Types\Material_Type_Resource.h(32): message :         with
C:\dev\TuranEngine\TuranAPI\TuranAPI\FileSystem\Resource_Types\Material_Type_Resource.h(32): message :         [
C:\dev\TuranEngine\TuranAPI\TuranAPI\FileSystem\Resource_Types\Material_Type_Resource.h(32): message :             _Ty=TuranAPI::File_System::Material_Uniform
C:\dev\TuranEngine\TuranAPI\TuranAPI\FileSystem\Resource_Types\Material_Type_Resource.h(32): message :         ]
C:\dev\TuranEngine\TuranAPI\TuranAPI\FileSystem\Resource_Types\Material_Type_Resource.h(45,60): warning C4251: 'TuranAPI::File_System::Material_Instance::ALL_Material_Instances': class 'std::vector<TuranAPI::File_System::Material_Instance *,std::allocator<_Ty>>' needs to have dll-interface to be used by clients of class 'TuranAPI::File_System::Material_Instance'
C:\dev\TuranEngine\TuranAPI\TuranAPI\FileSystem\Resource_Types\Material_Type_Resource.h(45,60): warning C4251:         with
C:\dev\TuranEngine\TuranAPI\TuranAPI\FileSystem\Resource_Types\Material_Type_Resource.h(45,60): warning C4251:         [
C:\dev\TuranEngine\TuranAPI\TuranAPI\FileSystem\Resource_Types\Material_Type_Resource.h(45,60): warning C4251:             _Ty=TuranAPI::File_System::Material_Instance *
C:\dev\TuranEngine\TuranAPI\TuranAPI\FileSystem\Resource_Types\Material_Type_Resource.h(45,60): warning C4251:         ]
C:\dev\TuranEngine\TuranAPI\TuranAPI\FileSystem\Resource_Types\Material_Type_Resource.h(45): message : see declaration of 'std::vector<TuranAPI::File_System::Material_Instance *,std::allocator<_Ty>>'
C:\dev\TuranEngine\TuranAPI\TuranAPI\FileSystem\Resource_Types\Material_Type_Resource.h(45): message :         with
C:\dev\TuranEngine\TuranAPI\TuranAPI\FileSystem\Resource_Types\Material_Type_Resource.h(45): message :         [
C:\dev\TuranEngine\TuranAPI\TuranAPI\FileSystem\Resource_Types\Material_Type_Resource.h(45): message :             _Ty=TuranAPI::File_System::Material_Instance *
C:\dev\TuranEngine\TuranAPI\TuranAPI\FileSystem\Resource_Types\Material_Type_Resource.h(45): message :         ]
C:\dev\TuranEngine\TuranAPI\TuranAPI\FileSystem\Resource_Types\Material_Type_Resource.h(55,41): warning C4251: 'TuranAPI::File_System::Material_Instance::UNIFORM_LIST': class 'std::vector<TuranAPI::File_System::Material_Uniform,std::allocator<_Ty>>' needs to have dll-interface to be used by clients of class 'TuranAPI::File_System::Material_Instance'
C:\dev\TuranEngine\TuranAPI\TuranAPI\FileSystem\Resource_Types\Material_Type_Resource.h(55,41): warning C4251:         with
C:\dev\TuranEngine\TuranAPI\TuranAPI\FileSystem\Resource_Types\Material_Type_Resource.h(55,41): warning C4251:         [
C:\dev\TuranEngine\TuranAPI\TuranAPI\FileSystem\Resource_Types\Material_Type_Resource.h(55,41): warning C4251:             _Ty=TuranAPI::File_System::Material_Uniform
C:\dev\TuranEngine\TuranAPI\TuranAPI\FileSystem\Resource_Types\Material_Type_Resource.h(55,41): warning C4251:         ]
C:\dev\TuranEngine\TuranAPI\TuranAPI\FileSystem\Resource_Types\Material_Type_Resource.h(32): message : see declaration of 'std::vector<TuranAPI::File_System::Material_Uniform,std::allocator<_Ty>>'
C:\dev\TuranEngine\TuranAPI\TuranAPI\FileSystem\Resource_Types\Material_Type_Resource.h(32): message :         with
C:\dev\TuranEngine\TuranAPI\TuranAPI\FileSystem\Resource_Types\Material_Type_Resource.h(32): message :         [
C:\dev\TuranEngine\TuranAPI\TuranAPI\FileSystem\Resource_Types\Material_Type_Resource.h(32): message :             _Ty=TuranAPI::File_System::Material_Uniform
C:\dev\TuranEngine\TuranAPI\TuranAPI\FileSystem\Resource_Types\Material_Type_Resource.h(32): message :         ]
C:\dev\TuranEngine\TuranAPI\TuranAPI\FileSystem\Resource_Types\FileList_Resource.h(9,63): warning C4251: 'TuranAPI::File_System::FileList_Resource::All_Resources': class 'std::vector<TuranAPI::File_System::Resource_Type *,std::allocator<_Ty>>' needs to have dll-interface to be used by clients of class 'TuranAPI::File_System::FileList_Resource'
C:\dev\TuranEngine\TuranAPI\TuranAPI\FileSystem\Resource_Types\FileList_Resource.h(9,63): warning C4251:         with
C:\dev\TuranEngine\TuranAPI\TuranAPI\FileSystem\Resource_Types\FileList_Resource.h(9,63): warning C4251:         [
C:\dev\TuranEngine\TuranAPI\TuranAPI\FileSystem\Resource_Types\FileList_Resource.h(9,63): warning C4251:             _Ty=TuranAPI::File_System::Resource_Type *
C:\dev\TuranEngine\TuranAPI\TuranAPI\FileSystem\Resource_Types\FileList_Resource.h(9,63): warning C4251:         ]
C:\dev\TuranEngine\TuranAPI\TuranAPI\FileSystem\Resource_Types\FileList_Resource.h(9): message : see declaration of 'std::vector<TuranAPI::File_System::Resource_Type *,std::allocator<_Ty>>'
C:\dev\TuranEngine\TuranAPI\TuranAPI\FileSystem\Resource_Types\FileList_Resource.h(9): message :         with
C:\dev\TuranEngine\TuranAPI\TuranAPI\FileSystem\Resource_Types\FileList_Resource.h(9): message :         [
C:\dev\TuranEngine\TuranAPI\TuranAPI\FileSystem\Resource_Types\FileList_Resource.h(9): message :             _Ty=TuranAPI::File_System::Resource_Type *
C:\dev\TuranEngine\TuranAPI\TuranAPI\FileSystem\Resource_Types\FileList_Resource.h(9): message :         ]
C:\dev\TuranEngine\TuranAPI\TuranAPI\Logger\Logger_Core.h(9,34): warning C4251: 'TuranAPI::Logging::Logger::MainLogFile_Path': class 'std::basic_string<char,std::char_traits<char>,std::allocator<char>>' needs to have dll-interface to be used by clients of class 'TuranAPI::Logging::Logger'
C:\Program Files (x86)\Microsoft Visual Studio\2019\Community\VC\Tools\MSVC\14.23.28105\include\xstring(4440): message : see declaration of 'std::basic_string<char,std::char_traits<char>,std::allocator<char>>'
C:\dev\TuranEngine\TuranAPI\TuranAPI\Logger\Logger_Core.h(10,37): warning C4251: 'TuranAPI::Logging::Logger::WarningLogFile_Path': class 'std::basic_string<char,std::char_traits<char>,std::allocator<char>>' needs to have dll-interface to be used by clients of class 'TuranAPI::Logging::Logger'
C:\Program Files (x86)\Microsoft Visual Studio\2019\Community\VC\Tools\MSVC\14.23.28105\include\xstring(4440): message : see declaration of 'std::basic_string<char,std::char_traits<char>,std::allocator<char>>'
C:\dev\TuranEngine\TuranAPI\TuranAPI\Logger\Logger_Core.h(11,35): warning C4251: 'TuranAPI::Logging::Logger::ErrorLogFile_Path': class 'std::basic_string<char,std::char_traits<char>,std::allocator<char>>' needs to have dll-interface to be used by clients of class 'TuranAPI::Logging::Logger'
C:\Program Files (x86)\Microsoft Visual Studio\2019\Community\VC\Tools\MSVC\14.23.28105\include\xstring(4440): message : see declaration of 'std::basic_string<char,std::char_traits<char>,std::allocator<char>>'
C:\dev\TuranEngine\TuranAPI\TuranAPI\Logger\Logger_Core.h(12,38): warning C4251: 'TuranAPI::Logging::Logger::NotCodedLogFile_Path': class 'std::basic_string<char,std::char_traits<char>,std::allocator<char>>' needs to have dll-interface to be used by clients of class 'TuranAPI::Logging::Logger'
C:\Program Files (x86)\Microsoft Visual Studio\2019\Community\VC\Tools\MSVC\14.23.28105\include\xstring(4440): message : see declaration of 'std::basic_string<char,std::char_traits<char>,std::allocator<char>>'
C:\dev\TuranEngine\TuranAPI\TuranAPI\Profiler\Profiler_Core.h(22,15): warning C4251: 'TuranAPI::Profiler::Profiled_Scope::NAME': class 'std::basic_string<char,std::char_traits<char>,std::allocator<char>>' needs to have dll-interface to be used by clients of class 'TuranAPI::Profiler::Profiled_Scope'
C:\Program Files (x86)\Microsoft Visual Studio\2019\Community\VC\Tools\MSVC\14.23.28105\include\xstring(4440): message : see declaration of 'std::basic_string<char,std::char_traits<char>,std::allocator<char>>'
C:\dev\TuranEngine\TuranAPI\TuranAPI\Profiler\Profiler_Core.h(34,19): warning C4251: 'TuranAPI::Profiler::Profiling_Session::FILEPATH': class 'std::basic_string<char,std::char_traits<char>,std::allocator<char>>' needs to have dll-interface to be used by clients of class 'TuranAPI::Profiler::Profiling_Session'
C:\Program Files (x86)\Microsoft Visual Studio\2019\Community\VC\Tools\MSVC\14.23.28105\include\xstring(4440): message : see declaration of 'std::basic_string<char,std::char_traits<char>,std::allocator<char>>'
C:\dev\TuranEngine\TuranAPI\TuranAPI\Profiler\Profiler_Core.h(35,48): warning C4251: 'TuranAPI::Profiler::Profiling_Session::PROFILED_SCOPEs_ARRAY': class 'std::vector<TuranAPI::Profiler::Profiled_Scope,std::allocator<_Ty>>' needs to have dll-interface to be used by clients of class 'TuranAPI::Profiler::Profiling_Session'
C:\dev\TuranEngine\TuranAPI\TuranAPI\Profiler\Profiler_Core.h(35,48): warning C4251:         with
C:\dev\TuranEngine\TuranAPI\TuranAPI\Profiler\Profiler_Core.h(35,48): warning C4251:         [
C:\dev\TuranEngine\TuranAPI\TuranAPI\Profiler\Profiler_Core.h(35,48): warning C4251:             _Ty=TuranAPI::Profiler::Profiled_Scope
C:\dev\TuranEngine\TuranAPI\TuranAPI\Profiler\Profiler_Core.h(35,48): warning C4251:         ]
C:\dev\TuranEngine\TuranAPI\TuranAPI\Profiler\Profiler_Core.h(35): message : see declaration of 'std::vector<TuranAPI::Profiler::Profiled_Scope,std::allocator<_Ty>>'
C:\dev\TuranEngine\TuranAPI\TuranAPI\Profiler\Profiler_Core.h(35): message :         with
C:\dev\TuranEngine\TuranAPI\TuranAPI\Profiler\Profiler_Core.h(35): message :         [
C:\dev\TuranEngine\TuranAPI\TuranAPI\Profiler\Profiler_Core.h(35): message :             _Ty=TuranAPI::Profiler::Profiled_Scope
C:\dev\TuranEngine\TuranAPI\TuranAPI\Profiler\Profiler_Core.h(35): message :         ]
C:\dev\TuranEngine\GFX_API\GFXSource\GFX_Display.h(12,20): warning C4251: 'GFX::MONITOR::NAME': class 'std::basic_string<char,std::char_traits<char>,std::allocator<char>>' needs to have dll-interface to be used by clients of struct 'GFX::MONITOR'
C:\Program Files (x86)\Microsoft Visual Studio\2019\Community\VC\Tools\MSVC\14.23.28105\include\xstring(4440): message : see declaration of 'std::basic_string<char,std::char_traits<char>,std::allocator<char>>'
C:\dev\TuranEngine\GFX_API\GFXSource\GFX_Display.h(41,21): warning C4251: 'GFX::WINDOW::WINDOW_NAME': class 'std::basic_string<char,std::char_traits<char>,std::allocator<char>>' needs to have dll-interface to be used by clients of struct 'GFX::WINDOW'
C:\Program Files (x86)\Microsoft Visual Studio\2019\Community\VC\Tools\MSVC\14.23.28105\include\xstring(4440): message : see declaration of 'std::basic_string<char,std::char_traits<char>,std::allocator<char>>'
C:\dev\TuranEngine\TuranAPI\TuranAPI\FileSystem\Resource_Types\Texture_Resource.h(17,49): warning C4251: 'TuranAPI::File_System::Texture_Resource::ALL_TEXTUREs': class 'std::vector<TuranAPI::File_System::Texture_Resource *,std::allocator<_Ty>>' needs to have dll-interface to be used by clients of class 'TuranAPI::File_System::Texture_Resource'
C:\dev\TuranEngine\TuranAPI\TuranAPI\FileSystem\Resource_Types\Texture_Resource.h(17,49): warning C4251:         with
C:\dev\TuranEngine\TuranAPI\TuranAPI\FileSystem\Resource_Types\Texture_Resource.h(17,49): warning C4251:         [
C:\dev\TuranEngine\TuranAPI\TuranAPI\FileSystem\Resource_Types\Texture_Resource.h(17,49): warning C4251:             _Ty=TuranAPI::File_System::Texture_Resource *
C:\dev\TuranEngine\TuranAPI\TuranAPI\FileSystem\Resource_Types\Texture_Resource.h(17,49): warning C4251:         ]
C:\dev\TuranEngine\TuranAPI\TuranAPI\FileSystem\Resource_Types\Texture_Resource.h(17): message : see declaration of 'std::vector<TuranAPI::File_System::Texture_Resource *,std::allocator<_Ty>>'
C:\dev\TuranEngine\TuranAPI\TuranAPI\FileSystem\Resource_Types\Texture_Resource.h(17): message :         with
C:\dev\TuranEngine\TuranAPI\TuranAPI\FileSystem\Resource_Types\Texture_Resource.h(17): message :         [
C:\dev\TuranEngine\TuranAPI\TuranAPI\FileSystem\Resource_Types\Texture_Resource.h(17): message :             _Ty=TuranAPI::File_System::Texture_Resource *
C:\dev\TuranEngine\TuranAPI\TuranAPI\FileSystem\Resource_Types\Texture_Resource.h(17): message :         ]
C:\dev\TuranEngine\TuranAPI\TuranAPI\FileSystem\Resource_Types\GameObjects\GameComponents\GameComponent.h(13,17): warning C4251: 'TuranAPI::Game_Object::GameComponent::POSITION': struct 'glm::tvec3<float,0>' needs to have dll-interface to be used by clients of class 'TuranAPI::Game_Object::GameComponent'
C:\dev\TuranEngine\3rdPartyLibraries\Includes\glm\detail\type_vec.hpp(245): message : see declaration of 'glm::tvec3<float,0>'
C:\dev\TuranEngine\TuranAPI\TuranAPI\FileSystem\Resource_Types\GameObjects\GameComponents\GameComponent.h(13,27): warning C4251: 'TuranAPI::Game_Object::GameComponent::ROTATION': struct 'glm::tvec3<float,0>' needs to have dll-interface to be used by clients of class 'TuranAPI::Game_Object::GameComponent'
C:\dev\TuranEngine\3rdPartyLibraries\Includes\glm\detail\type_vec.hpp(245): message : see declaration of 'glm::tvec3<float,0>'
C:\dev\TuranEngine\TuranAPI\TuranAPI\FileSystem\Resource_Types\GameObjects\GameComponents\GameComponent.h(13,34): warning C4251: 'TuranAPI::Game_Object::GameComponent::SCALE': struct 'glm::tvec3<float,0>' needs to have dll-interface to be used by clients of class 'TuranAPI::Game_Object::GameComponent'
C:\dev\TuranEngine\3rdPartyLibraries\Includes\glm\detail\type_vec.hpp(245): message : see declaration of 'glm::tvec3<float,0>'
C:\dev\TuranEngine\TuranAPI\TuranAPI\FileSystem\Resource_Types\GameObjects\GameComponents\GameComponent.h(19,15): warning C4251: 'TuranAPI::Game_Object::GameComponent::NAME': class 'std::basic_string<char,std::char_traits<char>,std::allocator<char>>' needs to have dll-interface to be used by clients of class 'TuranAPI::Game_Object::GameComponent'
C:\Program Files (x86)\Microsoft Visual Studio\2019\Community\VC\Tools\MSVC\14.23.28105\include\xstring(4440): message : see declaration of 'std::basic_string<char,std::char_traits<char>,std::allocator<char>>'
C:\dev\TuranEngine\TuranAPI\TuranAPI\FileSystem\Resource_Types\Scene_Resource.h(16,56): warning C4251: 'TuranAPI::File_System::Scene_Resource::ADDED_COMPONENTs': class 'std::vector<TuranAPI::Game_Object::GameComponent *,std::allocator<_Ty>>' needs to have dll-interface to be used by clients of class 'TuranAPI::File_System::Scene_Resource'
C:\dev\TuranEngine\TuranAPI\TuranAPI\FileSystem\Resource_Types\Scene_Resource.h(16,56): warning C4251:         with
C:\dev\TuranEngine\TuranAPI\TuranAPI\FileSystem\Resource_Types\Scene_Resource.h(16,56): warning C4251:         [
C:\dev\TuranEngine\TuranAPI\TuranAPI\FileSystem\Resource_Types\Scene_Resource.h(16,56): warning C4251:             _Ty=TuranAPI::Game_Object::GameComponent *
C:\dev\TuranEngine\TuranAPI\TuranAPI\FileSystem\Resource_Types\Scene_Resource.h(16,56): warning C4251:         ]
C:\dev\TuranEngine\TuranAPI\TuranAPI\FileSystem\Resource_Types\Scene_Resource.h(16): message : see declaration of 'std::vector<TuranAPI::Game_Object::GameComponent *,std::allocator<_Ty>>'
C:\dev\TuranEngine\TuranAPI\TuranAPI\FileSystem\Resource_Types\Scene_Resource.h(16): message :         with
C:\dev\TuranEngine\TuranAPI\TuranAPI\FileSystem\Resource_Types\Scene_Resource.h(16): message :         [
C:\dev\TuranEngine\TuranAPI\TuranAPI\FileSystem\Resource_Types\Scene_Resource.h(16): message :             _Ty=TuranAPI::Game_Object::GameComponent *
C:\dev\TuranEngine\TuranAPI\TuranAPI\FileSystem\Resource_Types\Scene_Resource.h(16): message :         ]
C:\dev\TuranEngine\TuranAPI\TuranAPI\FileSystem\Resource_Types\Scene_Resource.h(18,45): warning C4251: 'TuranAPI::File_System::Scene_Resource::ALL_SCENEs': class 'std::vector<TuranAPI::File_System::Scene_Resource *,std::allocator<_Ty>>' needs to have dll-interface to be used by clients of class 'TuranAPI::File_System::Scene_Resource'
C:\dev\TuranEngine\TuranAPI\TuranAPI\FileSystem\Resource_Types\Scene_Resource.h(18,45): warning C4251:         with
C:\dev\TuranEngine\TuranAPI\TuranAPI\FileSystem\Resource_Types\Scene_Resource.h(18,45): warning C4251:         [
C:\dev\TuranEngine\TuranAPI\TuranAPI\FileSystem\Resource_Types\Scene_Resource.h(18,45): warning C4251:             _Ty=TuranAPI::File_System::Scene_Resource *
C:\dev\TuranEngine\TuranAPI\TuranAPI\FileSystem\Resource_Types\Scene_Resource.h(18,45): warning C4251:         ]
C:\dev\TuranEngine\TuranAPI\TuranAPI\FileSystem\Resource_Types\Scene_Resource.h(18): message : see declaration of 'std::vector<TuranAPI::File_System::Scene_Resource *,std::allocator<_Ty>>'
C:\dev\TuranEngine\TuranAPI\TuranAPI\FileSystem\Resource_Types\Scene_Resource.h(18): message :         with
C:\dev\TuranEngine\TuranAPI\TuranAPI\FileSystem\Resource_Types\Scene_Resource.h(18): message :         [
C:\dev\TuranEngine\TuranAPI\TuranAPI\FileSystem\Resource_Types\Scene_Resource.h(18): message :             _Ty=TuranAPI::File_System::Scene_Resource *
C:\dev\TuranEngine\TuranAPI\TuranAPI\FileSystem\Resource_Types\Scene_Resource.h(18): message :         ]
C:\dev\TuranEngine\TuranAPI\TuranAPI\FileSystem\Resource_Types\GameObjects\GameComponents\StaticModel_Component.h(20,24): warning C4251: 'TuranAPI::Game_Object::StaticModel_Component::Model_Transform': struct 'glm::tmat4x4<float,0>' needs to have dll-interface to be used by clients of class 'TuranAPI::Game_Object::StaticModel_Component'
C:\dev\TuranEngine\3rdPartyLibraries\Includes\glm\detail\type_mat.hpp(304): message : see declaration of 'glm::tmat4x4<float,0>'
C:\dev\TuranEngine\TuranAPI\TuranAPI\FileSystem\Resource_Types\GameObjects\GameComponents\StaticModel_Component.h(22,63): warning C4251: 'TuranAPI::Game_Object::StaticModel_Component::MATERIALs': class 'std::vector<TuranAPI::File_System::Material_Instance *,std::allocator<_Ty>>' needs to have dll-interface to be used by clients of class 'TuranAPI::Game_Object::StaticModel_Component'
C:\dev\TuranEngine\TuranAPI\TuranAPI\FileSystem\Resource_Types\GameObjects\GameComponents\StaticModel_Component.h(22,63): warning C4251:         with
C:\dev\TuranEngine\TuranAPI\TuranAPI\FileSystem\Resource_Types\GameObjects\GameComponents\StaticModel_Component.h(22,63): warning C4251:         [
C:\dev\TuranEngine\TuranAPI\TuranAPI\FileSystem\Resource_Types\GameObjects\GameComponents\StaticModel_Component.h(22,63): warning C4251:             _Ty=TuranAPI::File_System::Material_Instance *
C:\dev\TuranEngine\TuranAPI\TuranAPI\FileSystem\Resource_Types\GameObjects\GameComponents\StaticModel_Component.h(22,63): warning C4251:         ]
C:\dev\TuranEngine\TuranAPI\TuranAPI\FileSystem\Resource_Types\Material_Type_Resource.h(45): message : see declaration of 'std::vector<TuranAPI::File_System::Material_Instance *,std::allocator<_Ty>>'
C:\dev\TuranEngine\TuranAPI\TuranAPI\FileSystem\Resource_Types\Material_Type_Resource.h(45): message :         with
C:\dev\TuranEngine\TuranAPI\TuranAPI\FileSystem\Resource_Types\Material_Type_Resource.h(45): message :         [
C:\dev\TuranEngine\TuranAPI\TuranAPI\FileSystem\Resource_Types\Material_Type_Resource.h(45): message :             _Ty=TuranAPI::File_System::Material_Instance *
C:\dev\TuranEngine\TuranAPI\TuranAPI\FileSystem\Resource_Types\Material_Type_Resource.h(45): message :         ]
C:\dev\TuranEngine\TuranAPI\TuranAPI\FileSystem\Resource_Types\GameObjects\GameComponents\Camera_Component.h(10,20): warning C4251: 'TuranAPI::Game_Object::Camera_Component::View_Matrix': struct 'glm::tmat4x4<float,0>' needs to have dll-interface to be used by clients of class 'TuranAPI::Game_Object::Camera_Component'
C:\dev\TuranEngine\3rdPartyLibraries\Includes\glm\detail\type_mat.hpp(304): message : see declaration of 'glm::tmat4x4<float,0>'
C:\dev\TuranEngine\TuranAPI\TuranAPI\FileSystem\Resource_Types\GameObjects\GameComponents\Camera_Component.h(10,39): warning C4251: 'TuranAPI::Game_Object::Camera_Component::Projection_Matrix': struct 'glm::tmat4x4<float,0>' needs to have dll-interface to be used by clients of class 'TuranAPI::Game_Object::Camera_Component'
C:\dev\TuranEngine\3rdPartyLibraries\Includes\glm\detail\type_mat.hpp(304): message : see declaration of 'glm::tmat4x4<float,0>'
C:\dev\TuranEngine\TuranAPI\TuranAPI\FileSystem\Resource_Types\GameObjects\GameComponents\Camera_Component.h(14,15): warning C4251: 'TuranAPI::Game_Object::Camera_Component::Target': struct 'glm::tvec3<float,0>' needs to have dll-interface to be used by clients of class 'TuranAPI::Game_Object::Camera_Component'
C:\dev\TuranEngine\3rdPartyLibraries\Includes\glm\detail\type_vec.hpp(245): message : see declaration of 'glm::tvec3<float,0>'
C:\dev\TuranEngine\TuranAPI\TuranAPI\FileSystem\Resource_Types\GameObjects\GameComponents\Camera_Component.h(11,53): warning C4244: 'initializing': conversion from 'float' to 'unsigned short', possible loss of data
C:\dev\TuranEngine\TuranAPI\TuranAPI\FileSystem\Resource_Types\GameObjects\GameComponents\Camera_Component.h(11,78): warning C4244: 'initializing': conversion from 'float' to 'unsigned short', possible loss of data
C:\dev\TuranEngine\GFX_API\GFXSource\Renderer\GFX_Resource.h(30,34): warning C4251: 'GFX::Framebuffer::BOUND_RTs': class 'std::vector<GFX::RenderTarget *,std::allocator<_Ty>>' needs to have dll-interface to be used by clients of struct 'GFX::Framebuffer'
C:\dev\TuranEngine\GFX_API\GFXSource\Renderer\GFX_Resource.h(30,34): warning C4251:         with
C:\dev\TuranEngine\GFX_API\GFXSource\Renderer\GFX_Resource.h(30,34): warning C4251:         [
C:\dev\TuranEngine\GFX_API\GFXSource\Renderer\GFX_Resource.h(30,34): warning C4251:             _Ty=GFX::RenderTarget *
C:\dev\TuranEngine\GFX_API\GFXSource\Renderer\GFX_Resource.h(30,34): warning C4251:         ]
C:\dev\TuranEngine\GFX_API\GFXSource\Renderer\GFX_Resource.h(30): message : see declaration of 'std::vector<GFX::RenderTarget *,std::allocator<_Ty>>'
C:\dev\TuranEngine\GFX_API\GFXSource\Renderer\GFX_Resource.h(30): message :         with
C:\dev\TuranEngine\GFX_API\GFXSource\Renderer\GFX_Resource.h(30): message :         [
C:\dev\TuranEngine\GFX_API\GFXSource\Renderer\GFX_Resource.h(30): message :             _Ty=GFX::RenderTarget *
C:\dev\TuranEngine\GFX_API\GFXSource\Renderer\GFX_Resource.h(30): message :         ]
C:\dev\TuranEngine\GFX_API\GFXSource\Renderer\GFX_Resource.h(41,42): warning C4251: 'GFX::GPU_MESH::ALL_GPU_MESHes': class 'std::vector<GFX::GPU_MESH *,std::allocator<_Ty>>' needs to have dll-interface to be used by clients of struct 'GFX::GPU_MESH'
C:\dev\TuranEngine\GFX_API\GFXSource\Renderer\GFX_Resource.h(41,42): warning C4251:         with
C:\dev\TuranEngine\GFX_API\GFXSource\Renderer\GFX_Resource.h(41,42): warning C4251:         [
C:\dev\TuranEngine\GFX_API\GFXSource\Renderer\GFX_Resource.h(41,42): warning C4251:             _Ty=GFX::GPU_MESH *
C:\dev\TuranEngine\GFX_API\GFXSource\Renderer\GFX_Resource.h(41,42): warning C4251:         ]
C:\dev\TuranEngine\GFX_API\GFXSource\Renderer\GFX_Resource.h(41): message : see declaration of 'std::vector<GFX::GPU_MESH *,std::allocator<_Ty>>'
C:\dev\TuranEngine\GFX_API\GFXSource\Renderer\GFX_Resource.h(41): message :         with
C:\dev\TuranEngine\GFX_API\GFXSource\Renderer\GFX_Resource.h(41): message :         [
C:\dev\TuranEngine\GFX_API\GFXSource\Renderer\GFX_Resource.h(41): message :             _Ty=GFX::GPU_MESH *
C:\dev\TuranEngine\GFX_API\GFXSource\Renderer\GFX_Resource.h(41): message :         ]
C:\dev\TuranEngine\GFX_API\GFXSource\Renderer\GFX_RenderGraph.h(30,14): warning C4251: 'GFX::DrawPass::NAME': class 'std::basic_string<char,std::char_traits<char>,std::allocator<char>>' needs to have dll-interface to be used by clients of class 'GFX::DrawPass'
C:\Program Files (x86)\Microsoft Visual Studio\2019\Community\VC\Tools\MSVC\14.23.28105\include\xstring(4440): message : see declaration of 'std::basic_string<char,std::char_traits<char>,std::allocator<char>>'
C:\dev\TuranEngine\GFX_API\GFXSource\Renderer\GFX_RenderGraph.h(51,35): warning C4251: 'GFX::RenderGraph::RENDER_NODEs': class 'std::vector<GFX::RenderNode *,std::allocator<_Ty>>' needs to have dll-interface to be used by clients of class 'GFX::RenderGraph'
C:\dev\TuranEngine\GFX_API\GFXSource\Renderer\GFX_RenderGraph.h(51,35): warning C4251:         with
C:\dev\TuranEngine\GFX_API\GFXSource\Renderer\GFX_RenderGraph.h(51,35): warning C4251:         [
C:\dev\TuranEngine\GFX_API\GFXSource\Renderer\GFX_RenderGraph.h(51,35): warning C4251:             _Ty=GFX::RenderNode *
C:\dev\TuranEngine\GFX_API\GFXSource\Renderer\GFX_RenderGraph.h(51,35): warning C4251:         ]
C:\dev\TuranEngine\GFX_API\GFXSource\Renderer\GFX_RenderGraph.h(51): message : see declaration of 'std::vector<GFX::RenderNode *,std::allocator<_Ty>>'
C:\dev\TuranEngine\GFX_API\GFXSource\Renderer\GFX_RenderGraph.h(51): message :         with
C:\dev\TuranEngine\GFX_API\GFXSource\Renderer\GFX_RenderGraph.h(51): message :         [
C:\dev\TuranEngine\GFX_API\GFXSource\Renderer\GFX_RenderGraph.h(51): message :             _Ty=GFX::RenderNode *
C:\dev\TuranEngine\GFX_API\GFXSource\Renderer\GFX_RenderGraph.h(51): message :         ]
C:\dev\TuranEngine\GFX_API\GFXSource\Renderer\GFX_RenderGraph.h(56,14): warning C4251: 'GFX::RenderGraph::NAME': class 'std::basic_string<char,std::char_traits<char>,std::allocator<char>>' needs to have dll-interface to be used by clients of class 'GFX::RenderGraph'
C:\Program Files (x86)\Microsoft Visual Studio\2019\Community\VC\Tools\MSVC\14.23.28105\include\xstring(4440): message : see declaration of 'std::basic_string<char,std::char_traits<char>,std::allocator<char>>'
C:\dev\TuranEngine\GFX_API\GFXSource\Renderer\GFX_Renderer.h(33,49): warning C4251: 'GFX::Renderer::Bound_RenderGraphs': class 'std::vector<GFX::RenderGraph *,std::allocator<_Ty>>' needs to have dll-interface to be used by clients of class 'GFX::Renderer'
C:\dev\TuranEngine\GFX_API\GFXSource\Renderer\GFX_Renderer.h(33,49): warning C4251:         with
C:\dev\TuranEngine\GFX_API\GFXSource\Renderer\GFX_Renderer.h(33,49): warning C4251:         [
C:\dev\TuranEngine\GFX_API\GFXSource\Renderer\GFX_Renderer.h(33,49): warning C4251:             _Ty=GFX::RenderGraph *
C:\dev\TuranEngine\GFX_API\GFXSource\Renderer\GFX_Renderer.h(33,49): warning C4251:         ]
C:\dev\TuranEngine\GFX_API\GFXSource\Renderer\GFX_Renderer.h(33): message : see declaration of 'std::vector<GFX::RenderGraph *,std::allocator<_Ty>>'
C:\dev\TuranEngine\GFX_API\GFXSource\Renderer\GFX_Renderer.h(33): message :         with
C:\dev\TuranEngine\GFX_API\GFXSource\Renderer\GFX_Renderer.h(33): message :         [
C:\dev\TuranEngine\GFX_API\GFXSource\Renderer\GFX_Renderer.h(33): message :             _Ty=GFX::RenderGraph *
C:\dev\TuranEngine\GFX_API\GFXSource\Renderer\GFX_Renderer.h(33): message :         ]
C:\dev\TuranEngine\GFX_API\GFXSource\Renderer\GFX_Renderer.h(34,60): warning C4251: 'GFX::Renderer::RenderGraphIDs_toRunThisFrame': class 'std::vector<unsigned int,std::allocator<_Ty>>' needs to have dll-interface to be used by clients of class 'GFX::Renderer'
C:\dev\TuranEngine\GFX_API\GFXSource\Renderer\GFX_Renderer.h(34,60): warning C4251:         with
C:\dev\TuranEngine\GFX_API\GFXSource\Renderer\GFX_Renderer.h(34,60): warning C4251:         [
C:\dev\TuranEngine\GFX_API\GFXSource\Renderer\GFX_Renderer.h(34,60): warning C4251:             _Ty=unsigned int
C:\dev\TuranEngine\GFX_API\GFXSource\Renderer\GFX_Renderer.h(34,60): warning C4251:         ]
C:\dev\TuranEngine\GFX_API\GFXSource\Renderer\GFX_Renderer.h(34): message : see declaration of 'std::vector<unsigned int,std::allocator<_Ty>>'
C:\dev\TuranEngine\GFX_API\GFXSource\Renderer\GFX_Renderer.h(34): message :         with
C:\dev\TuranEngine\GFX_API\GFXSource\Renderer\GFX_Renderer.h(34): message :         [
C:\dev\TuranEngine\GFX_API\GFXSource\Renderer\GFX_Renderer.h(34): message :             _Ty=unsigned int
C:\dev\TuranEngine\GFX_API\GFXSource\Renderer\GFX_Renderer.h(34): message :         ]
C:\dev\TuranEngine\GFX_API\GFXSource\GFX_Core.h(12,27): warning C4251: 'GFX::GFX_Core::GPU_Vendor': class 'std::basic_string<char,std::char_traits<char>,std::allocator<char>>' needs to have dll-interface to be used by clients of class 'GFX::GFX_Core'
C:\Program Files (x86)\Microsoft Visual Studio\2019\Community\VC\Tools\MSVC\14.23.28105\include\xstring(4440): message : see declaration of 'std::basic_string<char,std::char_traits<char>,std::allocator<char>>'
C:\dev\TuranEngine\GFX_API\GFXSource\GFX_Core.h(13,26): warning C4251: 'GFX::GFX_Core::GPU_Model': class 'std::basic_string<char,std::char_traits<char>,std::allocator<char>>' needs to have dll-interface to be used by clients of class 'GFX::GFX_Core'
C:\Program Files (x86)\Microsoft Visual Studio\2019\Community\VC\Tools\MSVC\14.23.28105\include\xstring(4440): message : see declaration of 'std::basic_string<char,std::char_traits<char>,std::allocator<char>>'
C:\dev\TuranEngine\GFX_API\GFXSource\GFX_Core.h(14,27): warning C4251: 'GFX::GFX_Core::GL_VERSION': class 'std::basic_string<char,std::char_traits<char>,std::allocator<char>>' needs to have dll-interface to be used by clients of class 'GFX::GFX_Core'
C:\Program Files (x86)\Microsoft Visual Studio\2019\Community\VC\Tools\MSVC\14.23.28105\include\xstring(4440): message : see declaration of 'std::basic_string<char,std::char_traits<char>,std::allocator<char>>'
C:\dev\TuranEngine\GFX_API\GFXSource\GFX_Core.h(29,42): warning C4251: 'GFX::GFX_Core::ONSCREEN_Windows': class 'std::vector<GFX::WINDOW *,std::allocator<_Ty>>' needs to have dll-interface to be used by clients of class 'GFX::GFX_Core'
C:\dev\TuranEngine\GFX_API\GFXSource\GFX_Core.h(29,42): warning C4251:         with
C:\dev\TuranEngine\GFX_API\GFXSource\GFX_Core.h(29,42): warning C4251:         [
C:\dev\TuranEngine\GFX_API\GFXSource\GFX_Core.h(29,42): warning C4251:             _Ty=GFX::WINDOW *
C:\dev\TuranEngine\GFX_API\GFXSource\GFX_Core.h(29,42): warning C4251:         ]
C:\dev\TuranEngine\GFX_API\GFXSource\GFX_Core.h(29): message : see declaration of 'std::vector<GFX::WINDOW *,std::allocator<_Ty>>'
C:\dev\TuranEngine\GFX_API\GFXSource\GFX_Core.h(29): message :         with
C:\dev\TuranEngine\GFX_API\GFXSource\GFX_Core.h(29): message :         [
C:\dev\TuranEngine\GFX_API\GFXSource\GFX_Core.h(29): message :             _Ty=GFX::WINDOW *
C:\dev\TuranEngine\GFX_API\GFXSource\GFX_Core.h(29): message :         ]
C:\dev\TuranEngine\GFX_API\GFXSource\GFX_Core.h(30,45): warning C4251: 'GFX::GFX_Core::CONNECTED_Monitors': class 'std::vector<GFX::MONITOR *,std::allocator<_Ty>>' needs to have dll-interface to be used by clients of class 'GFX::GFX_Core'
C:\dev\TuranEngine\GFX_API\GFXSource\GFX_Core.h(30,45): warning C4251:         with
C:\dev\TuranEngine\GFX_API\GFXSource\GFX_Core.h(30,45): warning C4251:         [
C:\dev\TuranEngine\GFX_API\GFXSource\GFX_Core.h(30,45): warning C4251:             _Ty=GFX::MONITOR *
C:\dev\TuranEngine\GFX_API\GFXSource\GFX_Core.h(30,45): warning C4251:         ]
C:\dev\TuranEngine\GFX_API\GFXSource\GFX_Core.h(30): message : see declaration of 'std::vector<GFX::MONITOR *,std::allocator<_Ty>>'
C:\dev\TuranEngine\GFX_API\GFXSource\GFX_Core.h(30): message :         with
C:\dev\TuranEngine\GFX_API\GFXSource\GFX_Core.h(30): message :         [
C:\dev\TuranEngine\GFX_API\GFXSource\GFX_Core.h(30): message :             _Ty=GFX::MONITOR *
C:\dev\TuranEngine\GFX_API\GFXSource\GFX_Core.h(30): message :         ]
  OGL3_ENUMs.cpp
C:\dev\TuranEngine\OpenGL3\OpenGL3Source\Renderer\OGL3_Renderer_Core.h(2,10): fatal error C1083: Cannot open include file: 'OpenGL3Source/OpenGL3_Includes.h': No such file or directory
C:\dev\TuranEngine\TuranAPI\TuranAPI\Profiler\Profiler_Core.h(22,15): warning C4251: 'TuranAPI::Profiler::Profiled_Scope::NAME': class 'std::basic_string<char,std::char_traits<char>,std::allocator<char>>' needs to have dll-interface to be used by clients of class 'TuranAPI::Profiler::Profiled_Scope'
C:\Program Files (x86)\Microsoft Visual Studio\2019\Community\VC\Tools\MSVC\14.23.28105\include\xstring(4440): message : see declaration of 'std::basic_string<char,std::char_traits<char>,std::allocator<char>>'
C:\dev\TuranEngine\TuranAPI\TuranAPI\Profiler\Profiler_Core.h(34,19): warning C4251: 'TuranAPI::Profiler::Profiling_Session::FILEPATH': class 'std::basic_string<char,std::char_traits<char>,std::allocator<char>>' needs to have dll-interface to be used by clients of class 'TuranAPI::Profiler::Profiling_Session'
C:\Program Files (x86)\Microsoft Visual Studio\2019\Community\VC\Tools\MSVC\14.23.28105\include\xstring(4440): message : see declaration of 'std::basic_string<char,std::char_traits<char>,std::allocator<char>>'
C:\dev\TuranEngine\TuranAPI\TuranAPI\Profiler\Profiler_Core.h(35,48): warning C4251: 'TuranAPI::Profiler::Profiling_Session::PROFILED_SCOPEs_ARRAY': class 'std::vector<TuranAPI::Profiler::Profiled_Scope,std::allocator<_Ty>>' needs to have dll-interface to be used by clients of class 'TuranAPI::Profiler::Profiling_Session'
C:\dev\TuranEngine\TuranAPI\TuranAPI\Profiler\Profiler_Core.h(35,48): warning C4251:         with
C:\dev\TuranEngine\TuranAPI\TuranAPI\Profiler\Profiler_Core.h(35,48): warning C4251:         [
C:\dev\TuranEngine\TuranAPI\TuranAPI\Profiler\Profiler_Core.h(35,48): warning C4251:             _Ty=TuranAPI::Profiler::Profiled_Scope
C:\dev\TuranEngine\TuranAPI\TuranAPI\Profiler\Profiler_Core.h(35,48): warning C4251:         ]
C:\dev\TuranEngine\TuranAPI\TuranAPI\Profiler\Profiler_Core.h(35): message : see declaration of 'std::vector<TuranAPI::Profiler::Profiled_Scope,std::allocator<_Ty>>'
C:\dev\TuranEngine\TuranAPI\TuranAPI\Profiler\Profiler_Core.h(35): message :         with
C:\dev\TuranEngine\TuranAPI\TuranAPI\Profiler\Profiler_Core.h(35): message :         [
C:\dev\TuranEngine\TuranAPI\TuranAPI\Profiler\Profiler_Core.h(35): message :             _Ty=TuranAPI::Profiler::Profiled_Scope
C:\dev\TuranEngine\TuranAPI\TuranAPI\Profiler\Profiler_Core.h(35): message :         ]
C:\dev\TuranEngine\TuranAPI\TuranAPI\FileSystem\Resource_Types\Resource_Type.h(14,15): warning C4251: 'TuranAPI::File_System::Resource_Type::PATH': class 'std::basic_string<char,std::char_traits<char>,std::allocator<char>>' needs to have dll-interface to be used by clients of class 'TuranAPI::File_System::Resource_Type'
C:\Program Files (x86)\Microsoft Visual Studio\2019\Community\VC\Tools\MSVC\14.23.28105\include\xstring(4440): message : see declaration of 'std::basic_string<char,std::char_traits<char>,std::allocator<char>>'
C:\dev\TuranEngine\TuranAPI\TuranAPI\FileSystem\Resource_Types\Resource_Type.h(17,15): warning C4251: 'TuranAPI::File_System::Resource_Type::NAME': class 'std::basic_string<char,std::char_traits<char>,std::allocator<char>>' needs to have dll-interface to be used by clients of class 'TuranAPI::File_System::Resource_Type'
C:\Program Files (x86)\Microsoft Visual Studio\2019\Community\VC\Tools\MSVC\14.23.28105\include\xstring(4440): message : see declaration of 'std::basic_string<char,std::char_traits<char>,std::allocator<char>>'
C:\dev\TuranEngine\TuranAPI\TuranAPI\FileSystem\Resource_Types\Model_Resource.h(41,53): warning C4251: 'TuranAPI::File_System::Static_Model_Data::ALL_MODEL_DATAs': class 'std::vector<TuranAPI::File_System::Static_Model_Data *,std::allocator<_Ty>>' needs to have dll-interface to be used by clients of class 'TuranAPI::File_System::Static_Model_Data'
C:\dev\TuranEngine\TuranAPI\TuranAPI\FileSystem\Resource_Types\Model_Resource.h(41,53): warning C4251:         with
C:\dev\TuranEngine\TuranAPI\TuranAPI\FileSystem\Resource_Types\Model_Resource.h(41,53): warning C4251:         [
C:\dev\TuranEngine\TuranAPI\TuranAPI\FileSystem\Resource_Types\Model_Resource.h(41,53): warning C4251:             _Ty=TuranAPI::File_System::Static_Model_Data *
C:\dev\TuranEngine\TuranAPI\TuranAPI\FileSystem\Resource_Types\Model_Resource.h(41,53): warning C4251:         ]
C:\dev\TuranEngine\TuranAPI\TuranAPI\FileSystem\Resource_Types\Model_Resource.h(41): message : see declaration of 'std::vector<TuranAPI::File_System::Static_Model_Data *,std::allocator<_Ty>>'
C:\dev\TuranEngine\TuranAPI\TuranAPI\FileSystem\Resource_Types\Model_Resource.h(41): message :         with
C:\dev\TuranEngine\TuranAPI\TuranAPI\FileSystem\Resource_Types\Model_Resource.h(41): message :         [
C:\dev\TuranEngine\TuranAPI\TuranAPI\FileSystem\Resource_Types\Model_Resource.h(41): message :             _Ty=TuranAPI::File_System::Static_Model_Data *
C:\dev\TuranEngine\TuranAPI\TuranAPI\FileSystem\Resource_Types\Model_Resource.h(41): message :         ]
C:\dev\TuranEngine\TuranAPI\TuranAPI\FileSystem\Resource_Types\Material_Type_Resource.h(10,29): warning C4251: 'TuranAPI::File_System::Material_Uniform::VARIABLE_NAME': class 'std::basic_string<char,std::char_traits<char>,std::allocator<char>>' needs to have dll-interface to be used by clients of struct 'TuranAPI::File_System::Material_Uniform'
C:\Program Files (x86)\Microsoft Visual Studio\2019\Community\VC\Tools\MSVC\14.23.28105\include\xstring(4440): message : see declaration of 'std::basic_string<char,std::char_traits<char>,std::allocator<char>>'
C:\dev\TuranEngine\TuranAPI\TuranAPI\FileSystem\Resource_Types\Material_Type_Resource.h(26,61): warning C4251: 'TuranAPI::File_System::Material_Type_Resource::ALL_MATERIAL_TYPEs': class 'std::vector<TuranAPI::File_System::Material_Type_Resource *,std::allocator<_Ty>>' needs to have dll-interface to be used by clients of class 'TuranAPI::File_System::Material_Type_Resource'
C:\dev\TuranEngine\TuranAPI\TuranAPI\FileSystem\Resource_Types\Material_Type_Resource.h(26,61): warning C4251:         with
C:\dev\TuranEngine\TuranAPI\TuranAPI\FileSystem\Resource_Types\Material_Type_Resource.h(26,61): warning C4251:         [
C:\dev\TuranEngine\TuranAPI\TuranAPI\FileSystem\Resource_Types\Material_Type_Resource.h(26,61): warning C4251:             _Ty=TuranAPI::File_System::Material_Type_Resource *
C:\dev\TuranEngine\TuranAPI\TuranAPI\FileSystem\Resource_Types\Material_Type_Resource.h(26,61): warning C4251:         ]
C:\dev\TuranEngine\TuranAPI\TuranAPI\FileSystem\Resource_Types\Material_Type_Resource.h(26): message : see declaration of 'std::vector<TuranAPI::File_System::Material_Type_Resource *,std::allocator<_Ty>>'
C:\dev\TuranEngine\TuranAPI\TuranAPI\FileSystem\Resource_Types\Material_Type_Resource.h(26): message :         with
C:\dev\TuranEngine\TuranAPI\TuranAPI\FileSystem\Resource_Types\Material_Type_Resource.h(26): message :         [
C:\dev\TuranEngine\TuranAPI\TuranAPI\FileSystem\Resource_Types\Material_Type_Resource.h(26): message :             _Ty=TuranAPI::File_System::Material_Type_Resource *
C:\dev\TuranEngine\TuranAPI\TuranAPI\FileSystem\Resource_Types\Material_Type_Resource.h(26): message :         ]
C:\dev\TuranEngine\TuranAPI\TuranAPI\FileSystem\Resource_Types\Material_Type_Resource.h(31,24): warning C4251: 'TuranAPI::File_System::Material_Type_Resource::VERTEX_SOURCE': class 'std::basic_string<char,std::char_traits<char>,std::allocator<char>>' needs to have dll-interface to be used by clients of class 'TuranAPI::File_System::Material_Type_Resource'
C:\Program Files (x86)\Microsoft Visual Studio\2019\Community\VC\Tools\MSVC\14.23.28105\include\xstring(4440): message : see declaration of 'std::basic_string<char,std::char_traits<char>,std::allocator<char>>'
C:\dev\TuranEngine\TuranAPI\TuranAPI\FileSystem\Resource_Types\Material_Type_Resource.h(31,41): warning C4251: 'TuranAPI::File_System::Material_Type_Resource::FRAGMENT_SOURCE': class 'std::basic_string<char,std::char_traits<char>,std::allocator<char>>' needs to have dll-interface to be used by clients of class 'TuranAPI::File_System::Material_Type_Resource'
C:\Program Files (x86)\Microsoft Visual Studio\2019\Community\VC\Tools\MSVC\14.23.28105\include\xstring(4440): message : see declaration of 'std::basic_string<char,std::char_traits<char>,std::allocator<char>>'
C:\dev\TuranEngine\TuranAPI\TuranAPI\FileSystem\Resource_Types\Material_Type_Resource.h(32,60): warning C4251: 'TuranAPI::File_System::Material_Type_Resource::UNIFORMs': class 'std::vector<TuranAPI::File_System::Material_Uniform,std::allocator<_Ty>>' needs to have dll-interface to be used by clients of class 'TuranAPI::File_System::Material_Type_Resource'
C:\dev\TuranEngine\TuranAPI\TuranAPI\FileSystem\Resource_Types\Material_Type_Resource.h(32,60): warning C4251:         with
C:\dev\TuranEngine\TuranAPI\TuranAPI\FileSystem\Resource_Types\Material_Type_Resource.h(32,60): warning C4251:         [
C:\dev\TuranEngine\TuranAPI\TuranAPI\FileSystem\Resource_Types\Material_Type_Resource.h(32,60): warning C4251:             _Ty=TuranAPI::File_System::Material_Uniform
C:\dev\TuranEngine\TuranAPI\TuranAPI\FileSystem\Resource_Types\Material_Type_Resource.h(32,60): warning C4251:         ]
C:\dev\TuranEngine\TuranAPI\TuranAPI\FileSystem\Resource_Types\Material_Type_Resource.h(32): message : see declaration of 'std::vector<TuranAPI::File_System::Material_Uniform,std::allocator<_Ty>>'
C:\dev\TuranEngine\TuranAPI\TuranAPI\FileSystem\Resource_Types\Material_Type_Resource.h(32): message :         with
C:\dev\TuranEngine\TuranAPI\TuranAPI\FileSystem\Resource_Types\Material_Type_Resource.h(32): message :         [
C:\dev\TuranEngine\TuranAPI\TuranAPI\FileSystem\Resource_Types\Material_Type_Resource.h(32): message :             _Ty=TuranAPI::File_System::Material_Uniform
C:\dev\TuranEngine\TuranAPI\TuranAPI\FileSystem\Resource_Types\Material_Type_Resource.h(32): message :         ]
C:\dev\TuranEngine\TuranAPI\TuranAPI\FileSystem\Resource_Types\Material_Type_Resource.h(45,60): warning C4251: 'TuranAPI::File_System::Material_Instance::ALL_Material_Instances': class 'std::vector<TuranAPI::File_System::Material_Instance *,std::allocator<_Ty>>' needs to have dll-interface to be used by clients of class 'TuranAPI::File_System::Material_Instance'
C:\dev\TuranEngine\TuranAPI\TuranAPI\FileSystem\Resource_Types\Material_Type_Resource.h(45,60): warning C4251:         with
C:\dev\TuranEngine\TuranAPI\TuranAPI\FileSystem\Resource_Types\Material_Type_Resource.h(45,60): warning C4251:         [
C:\dev\TuranEngine\TuranAPI\TuranAPI\FileSystem\Resource_Types\Material_Type_Resource.h(45,60): warning C4251:             _Ty=TuranAPI::File_System::Material_Instance *
C:\dev\TuranEngine\TuranAPI\TuranAPI\FileSystem\Resource_Types\Material_Type_Resource.h(45,60): warning C4251:         ]
C:\dev\TuranEngine\TuranAPI\TuranAPI\FileSystem\Resource_Types\Material_Type_Resource.h(45): message : see declaration of 'std::vector<TuranAPI::File_System::Material_Instance *,std::allocator<_Ty>>'
C:\dev\TuranEngine\TuranAPI\TuranAPI\FileSystem\Resource_Types\Material_Type_Resource.h(45): message :         with
C:\dev\TuranEngine\TuranAPI\TuranAPI\FileSystem\Resource_Types\Material_Type_Resource.h(45): message :         [
C:\dev\TuranEngine\TuranAPI\TuranAPI\FileSystem\Resource_Types\Material_Type_Resource.h(45): message :             _Ty=TuranAPI::File_System::Material_Instance *
C:\dev\TuranEngine\TuranAPI\TuranAPI\FileSystem\Resource_Types\Material_Type_Resource.h(45): message :         ]
C:\dev\TuranEngine\TuranAPI\TuranAPI\FileSystem\Resource_Types\Material_Type_Resource.h(55,41): warning C4251: 'TuranAPI::File_System::Material_Instance::UNIFORM_LIST': class 'std::vector<TuranAPI::File_System::Material_Uniform,std::allocator<_Ty>>' needs to have dll-interface to be used by clients of class 'TuranAPI::File_System::Material_Instance'
C:\dev\TuranEngine\TuranAPI\TuranAPI\FileSystem\Resource_Types\Material_Type_Resource.h(55,41): warning C4251:         with
C:\dev\TuranEngine\TuranAPI\TuranAPI\FileSystem\Resource_Types\Material_Type_Resource.h(55,41): warning C4251:         [
C:\dev\TuranEngine\TuranAPI\TuranAPI\FileSystem\Resource_Types\Material_Type_Resource.h(55,41): warning C4251:             _Ty=TuranAPI::File_System::Material_Uniform
C:\dev\TuranEngine\TuranAPI\TuranAPI\FileSystem\Resource_Types\Material_Type_Resource.h(55,41): warning C4251:         ]
C:\dev\TuranEngine\TuranAPI\TuranAPI\FileSystem\Resource_Types\Material_Type_Resource.h(32): message : see declaration of 'std::vector<TuranAPI::File_System::Material_Uniform,std::allocator<_Ty>>'
C:\dev\TuranEngine\TuranAPI\TuranAPI\FileSystem\Resource_Types\Material_Type_Resource.h(32): message :         with
C:\dev\TuranEngine\TuranAPI\TuranAPI\FileSystem\Resource_Types\Material_Type_Resource.h(32): message :         [
C:\dev\TuranEngine\TuranAPI\TuranAPI\FileSystem\Resource_Types\Material_Type_Resource.h(32): message :             _Ty=TuranAPI::File_System::Material_Uniform
C:\dev\TuranEngine\TuranAPI\TuranAPI\FileSystem\Resource_Types\Material_Type_Resource.h(32): message :         ]
C:\dev\TuranEngine\TuranAPI\TuranAPI\FileSystem\Resource_Types\FileList_Resource.h(9,63): warning C4251: 'TuranAPI::File_System::FileList_Resource::All_Resources': class 'std::vector<TuranAPI::File_System::Resource_Type *,std::allocator<_Ty>>' needs to have dll-interface to be used by clients of class 'TuranAPI::File_System::FileList_Resource'
C:\dev\TuranEngine\TuranAPI\TuranAPI\FileSystem\Resource_Types\FileList_Resource.h(9,63): warning C4251:         with
C:\dev\TuranEngine\TuranAPI\TuranAPI\FileSystem\Resource_Types\FileList_Resource.h(9,63): warning C4251:         [
C:\dev\TuranEngine\TuranAPI\TuranAPI\FileSystem\Resource_Types\FileList_Resource.h(9,63): warning C4251:             _Ty=TuranAPI::File_System::Resource_Type *
C:\dev\TuranEngine\TuranAPI\TuranAPI\FileSystem\Resource_Types\FileList_Resource.h(9,63): warning C4251:         ]
C:\dev\TuranEngine\TuranAPI\TuranAPI\FileSystem\Resource_Types\FileList_Resource.h(9): message : see declaration of 'std::vector<TuranAPI::File_System::Resource_Type *,std::allocator<_Ty>>'
C:\dev\TuranEngine\TuranAPI\TuranAPI\FileSystem\Resource_Types\FileList_Resource.h(9): message :         with
C:\dev\TuranEngine\TuranAPI\TuranAPI\FileSystem\Resource_Types\FileList_Resource.h(9): message :         [
C:\dev\TuranEngine\TuranAPI\TuranAPI\FileSystem\Resource_Types\FileList_Resource.h(9): message :             _Ty=TuranAPI::File_System::Resource_Type *
C:\dev\TuranEngine\TuranAPI\TuranAPI\FileSystem\Resource_Types\FileList_Resource.h(9): message :         ]
C:\dev\TuranEngine\TuranAPI\TuranAPI\Logger\Logger_Core.h(9,34): warning C4251: 'TuranAPI::Logging::Logger::MainLogFile_Path': class 'std::basic_string<char,std::char_traits<char>,std::allocator<char>>' needs to have dll-interface to be used by clients of class 'TuranAPI::Logging::Logger'
C:\Program Files (x86)\Microsoft Visual Studio\2019\Community\VC\Tools\MSVC\14.23.28105\include\xstring(4440): message : see declaration of 'std::basic_string<char,std::char_traits<char>,std::allocator<char>>'
C:\dev\TuranEngine\TuranAPI\TuranAPI\Logger\Logger_Core.h(10,37): warning C4251: 'TuranAPI::Logging::Logger::WarningLogFile_Path': class 'std::basic_string<char,std::char_traits<char>,std::allocator<char>>' needs to have dll-interface to be used by clients of class 'TuranAPI::Logging::Logger'
C:\Program Files (x86)\Microsoft Visual Studio\2019\Community\VC\Tools\MSVC\14.23.28105\include\xstring(4440): message : see declaration of 'std::basic_string<char,std::char_traits<char>,std::allocator<char>>'
C:\dev\TuranEngine\TuranAPI\TuranAPI\Logger\Logger_Core.h(11,35): warning C4251: 'TuranAPI::Logging::Logger::ErrorLogFile_Path': class 'std::basic_string<char,std::char_traits<char>,std::allocator<char>>' needs to have dll-interface to be used by clients of class 'TuranAPI::Logging::Logger'
C:\Program Files (x86)\Microsoft Visual Studio\2019\Community\VC\Tools\MSVC\14.23.28105\include\xstring(4440): message : see declaration of 'std::basic_string<char,std::char_traits<char>,std::allocator<char>>'
C:\dev\TuranEngine\TuranAPI\TuranAPI\Logger\Logger_Core.h(12,38): warning C4251: 'TuranAPI::Logging::Logger::NotCodedLogFile_Path': class 'std::basic_string<char,std::char_traits<char>,std::allocator<char>>' needs to have dll-interface to be used by clients of class 'TuranAPI::Logging::Logger'
  OGL3_FileSystem.cpp
C:\Program Files (x86)\Microsoft Visual Studio\2019\Community\VC\Tools\MSVC\14.23.28105\include\xstring(4440): message : see declaration of 'std::basic_string<char,std::char_traits<char>,std::allocator<char>>'
  OGL3_Renderer_Core.cpp
C:\dev\TuranEngine\OpenGL3\OpenGL3Source\OGL3_FileSystem.h(2,10): fatal error C1083: Cannot open include file: 'OpenGL3Source/OpenGL3_Includes.h': No such file or directory
  OGL3_RenderGraph.cpp
  Generating Code...
C:\dev\TuranEngine\OpenGL3\OpenGL3Source\Renderer\OGL3_Renderer_Core.h(2,10): fatal error C1083: Cannot open include file: 'OpenGL3Source/OpenGL3_Includes.h': No such file or directory
