c:\dev\turanengıne\bın-ınt\turanedıtor\vc142.pdb
c:\dev\turanengıne\bın-ınt\turanedıtor\vector.obj
c:\dev\turanengıne\bın-ınt\turanedıtor\tstl_core.obj
c:\dev\turanengıne\bın-ınt\turanedıtor\edıtor_ıncludes.obj
c:\dev\turanengıne\bın-ınt\turanedıtor\edıtor.obj
c:\dev\turanengıne\bın-ınt\turanedıtor\memorymanager_core.obj
c:\dev\turanengıne\bın\turanedıtor\turanedıtor.exe
c:\dev\turanengıne\bın\turanedıtor\turanedıtor.pdb
c:\dev\turanengine\bin-int\turaneditor\editor.obj
c:\dev\turanengine\bin-int\turaneditor\editor_ıncludes.obj
c:\dev\turanengine\bin-int\turaneditor\ımguı_default_wındows.obj
c:\dev\turanengine\bin-int\turaneditor\materialınstance_ımport.obj
c:\dev\turanengine\bin-int\turaneditor\memorymanager_core.obj
c:\dev\turanengine\bin-int\turaneditor\tstl_core.obj
c:\dev\turanengine\bin-int\turaneditor\vector.obj
c:\dev\turanengine\bin-int\turaneditor\vc142.pdb
c:\dev\turanengine\bin\turaneditor\turaneditor.pdb
c:\dev\turanengine\bin\turaneditor\turaneditor.exe
c:\dev\turanengine\bin-int\turaneditor\turaneditor.tlog\cl.command.1.tlog
c:\dev\turanengine\bin-int\turaneditor\turaneditor.tlog\cl.read.1.tlog
c:\dev\turanengine\bin-int\turaneditor\turaneditor.tlog\cl.write.1.tlog
c:\dev\turanengine\bin-int\turaneditor\turaneditor.tlog\link.command.1.tlog
c:\dev\turanengine\bin-int\turaneditor\turaneditor.tlog\link.read.1.tlog
c:\dev\turanengine\bin-int\turaneditor\turaneditor.tlog\link.write.1.tlog
