c:\dev\turanengıne\bın-ınt\vulkan\vc142.pdb
c:\dev\turanengıne\bın-ınt\vulkan\vulkan_enums.obj
c:\dev\turanengıne\bın-ınt\vulkan\vulkan_core.obj
c:\dev\turanengıne\bın-ınt\vulkan\vector.obj
c:\dev\turanengıne\bın-ınt\vulkan\tstl_core.obj
c:\dev\turanengıne\bın-ınt\vulkan\vulkan_resource.obj
c:\dev\turanengıne\bın-ınt\vulkan\vulkan_renderer_core.obj
c:\dev\turanengıne\bın-ınt\vulkan\memorymanager_core.obj
c:\dev\turanengıne\bın\vulkan\vulkan.dll
c:\dev\turanengıne\bın\vulkan\vulkan.pdb
c:\dev\turanengine\bin\vulkan\vulkan.lib
c:\dev\turanengine\bin\vulkan\vulkan.exp
c:\dev\turanengine\bin-int\vulkan\memorymanager_core.obj
c:\dev\turanengine\bin-int\vulkan\tstl_core.obj
c:\dev\turanengine\bin-int\vulkan\vector.obj
c:\dev\turanengine\bin-int\vulkan\vulkan_core.obj
c:\dev\turanengine\bin-int\vulkan\vulkan_enums.obj
c:\dev\turanengine\bin-int\vulkan\vulkan_renderer_core.obj
c:\dev\turanengine\bin-int\vulkan\vulkan_resource.obj
c:\dev\turanengine\bin-int\vulkan\vc142.pdb
c:\dev\turanengine\bin\vulkan\vulkan.pdb
c:\dev\turanengine\bin\vulkan\vulkan.dll
c:\dev\turanengine\bin-int\vulkan\vulkan.tlog\cl.command.1.tlog
c:\dev\turanengine\bin-int\vulkan\vulkan.tlog\cl.read.1.tlog
c:\dev\turanengine\bin-int\vulkan\vulkan.tlog\cl.write.1.tlog
c:\dev\turanengine\bin-int\vulkan\vulkan.tlog\link.command.1.tlog
c:\dev\turanengine\bin-int\vulkan\vulkan.tlog\link.read.1.tlog
c:\dev\turanengine\bin-int\vulkan\vulkan.tlog\link.write.1.tlog
c:\dev\turanengine\bin-int\vulkan\vulkan.tlog\vulkan.write.1u.tlog
