C:\Program Files (x86)\Microsoft Visual Studio\2019\Community\MSBuild\Microsoft\VC\v160\Microsoft.CppBuild.targets(437,5): warning MSB8004: Intermediate Directory does not end with a trailing slash.  This build instance will add the slash as it is required to allow proper evaluation of the Intermediate Directory.
C:\Program Files (x86)\Microsoft Visual Studio\2019\Community\MSBuild\Microsoft\VC\v160\Microsoft.CppBuild.targets(438,5): warning MSB8004: Output Directory does not end with a trailing slash.  This build instance will add the slash as it is required to allow proper evaluation of the Output Directory.
  TuranEngine.cpp
C:\dev\TuranEngine\GFX_API\GFXSource\GFX_Monitor.h(11,19): warning C4251:  'GFX_MONITOR::NAME': class 'std::basic_string<char,std::char_traits<char>,std::allocator<char>>' needs to have dll-interface to be used by clients of struct 'GFX_MONITOR'
C:\Program Files (x86)\Microsoft Visual Studio\2019\Community\VC\Tools\MSVC\14.22.27905\include\xstring(4343): message :  see declaration of 'std::basic_string<char,std::char_traits<char>,std::allocator<char>>'
C:\dev\TuranEngine\GFX_API\GFXSource\GFX_Window.h(19,20): warning C4251:  'GFX_WINDOW::WINDOW_NAME': class 'std::basic_string<char,std::char_traits<char>,std::allocator<char>>' needs to have dll-interface to be used by clients of class 'GFX_WINDOW'
C:\Program Files (x86)\Microsoft Visual Studio\2019\Community\VC\Tools\MSVC\14.22.27905\include\xstring(4343): message :  see declaration of 'std::basic_string<char,std::char_traits<char>,std::allocator<char>>'
C:\dev\TuranEngine\GFX_API\GFXSource\Renderer\GFX_Framebuffer.h(16,38): warning C4251:  'GFX_Framebuffer::BOUND_RTs': class 'std::vector<GFX_Render_Target *,std::allocator<_Ty>>' needs to have dll-interface to be used by clients of struct 'GFX_Framebuffer'
C:\dev\TuranEngine\GFX_API\GFXSource\Renderer\GFX_Framebuffer.h(16,38): warning C4251:         with
C:\dev\TuranEngine\GFX_API\GFXSource\Renderer\GFX_Framebuffer.h(16,38): warning C4251:         [
C:\dev\TuranEngine\GFX_API\GFXSource\Renderer\GFX_Framebuffer.h(16,38): warning C4251:             _Ty=GFX_Render_Target *
C:\dev\TuranEngine\GFX_API\GFXSource\Renderer\GFX_Framebuffer.h(16,38): warning C4251:         ]
C:\dev\TuranEngine\GFX_API\GFXSource\Renderer\GFX_Framebuffer.h(16): message :  see declaration of 'std::vector<GFX_Render_Target *,std::allocator<_Ty>>'
C:\dev\TuranEngine\GFX_API\GFXSource\Renderer\GFX_Framebuffer.h(16): message :         with
C:\dev\TuranEngine\GFX_API\GFXSource\Renderer\GFX_Framebuffer.h(16): message :         [
C:\dev\TuranEngine\GFX_API\GFXSource\Renderer\GFX_Framebuffer.h(16): message :             _Ty=GFX_Render_Target *
C:\dev\TuranEngine\GFX_API\GFXSource\Renderer\GFX_Framebuffer.h(16): message :         ]
C:\dev\TuranEngine\GFX_API\GFXSource\Renderer\GFX_Shader.h(14,40): warning C4251:  'GFX_Shader::ALL_SHADERs': class 'std::vector<GFX_Shader *,std::allocator<_Ty>>' needs to have dll-interface to be used by clients of class 'GFX_Shader'
C:\dev\TuranEngine\GFX_API\GFXSource\Renderer\GFX_Shader.h(14,40): warning C4251:         with
C:\dev\TuranEngine\GFX_API\GFXSource\Renderer\GFX_Shader.h(14,40): warning C4251:         [
C:\dev\TuranEngine\GFX_API\GFXSource\Renderer\GFX_Shader.h(14,40): warning C4251:             _Ty=GFX_Shader *
C:\dev\TuranEngine\GFX_API\GFXSource\Renderer\GFX_Shader.h(14,40): warning C4251:         ]
C:\dev\TuranEngine\GFX_API\GFXSource\Renderer\GFX_Shader.h(14): message :  see declaration of 'std::vector<GFX_Shader *,std::allocator<_Ty>>'
C:\dev\TuranEngine\GFX_API\GFXSource\Renderer\GFX_Shader.h(14): message :         with
C:\dev\TuranEngine\GFX_API\GFXSource\Renderer\GFX_Shader.h(14): message :         [
C:\dev\TuranEngine\GFX_API\GFXSource\Renderer\GFX_Shader.h(14): message :             _Ty=GFX_Shader *
C:\dev\TuranEngine\GFX_API\GFXSource\Renderer\GFX_Shader.h(14): message :         ]
C:\dev\TuranEngine\GFX_API\GFXSource\Renderer\GFX_Shader.h(16,22): warning C4251:  'GFX_Shader::VERTEX_SOURCE': class 'std::basic_string<char,std::char_traits<char>,std::allocator<char>>' needs to have dll-interface to be used by clients of class 'GFX_Shader'
C:\Program Files (x86)\Microsoft Visual Studio\2019\Community\VC\Tools\MSVC\14.22.27905\include\xstring(4343): message :  see declaration of 'std::basic_string<char,std::char_traits<char>,std::allocator<char>>'
C:\dev\TuranEngine\GFX_API\GFXSource\Renderer\GFX_Shader.h(16,39): warning C4251:  'GFX_Shader::FRAGMENT_SOURCE': class 'std::basic_string<char,std::char_traits<char>,std::allocator<char>>' needs to have dll-interface to be used by clients of class 'GFX_Shader'
C:\Program Files (x86)\Microsoft Visual Studio\2019\Community\VC\Tools\MSVC\14.22.27905\include\xstring(4343): message :  see declaration of 'std::basic_string<char,std::char_traits<char>,std::allocator<char>>'
C:\dev\TuranEngine\GFX_API\GFXSource\Renderer\GFX_Shader.h(17,25): warning C4251:  'GFX_Shader::VERTEX_DISK_PATH': class 'std::basic_string<char,std::char_traits<char>,std::allocator<char>>' needs to have dll-interface to be used by clients of class 'GFX_Shader'
C:\Program Files (x86)\Microsoft Visual Studio\2019\Community\VC\Tools\MSVC\14.22.27905\include\xstring(4343): message :  see declaration of 'std::basic_string<char,std::char_traits<char>,std::allocator<char>>'
C:\dev\TuranEngine\GFX_API\GFXSource\Renderer\GFX_Shader.h(17,45): warning C4251:  'GFX_Shader::FRAGMENT_DISK_PATH': class 'std::basic_string<char,std::char_traits<char>,std::allocator<char>>' needs to have dll-interface to be used by clients of class 'GFX_Shader'
C:\Program Files (x86)\Microsoft Visual Studio\2019\Community\VC\Tools\MSVC\14.22.27905\include\xstring(4343): message :  see declaration of 'std::basic_string<char,std::char_traits<char>,std::allocator<char>>'
C:\dev\TuranEngine\GFX_API\GFXSource\Renderer\GFX_Shader.h(18,13): warning C4251:  'GFX_Shader::NAME': class 'std::basic_string<char,std::char_traits<char>,std::allocator<char>>' needs to have dll-interface to be used by clients of class 'GFX_Shader'
C:\Program Files (x86)\Microsoft Visual Studio\2019\Community\VC\Tools\MSVC\14.22.27905\include\xstring(4343): message :  see declaration of 'std::basic_string<char,std::char_traits<char>,std::allocator<char>>'
C:\dev\TuranEngine\GFX_API\GFXSource\Renderer\GFX_Draw_Pass.h(27,43): warning C4251:  'GFX_Draw_Pass::Draw_Passes': class 'std::vector<GFX_Draw_Pass *,std::allocator<_Ty>>' needs to have dll-interface to be used by clients of class 'GFX_Draw_Pass'
C:\dev\TuranEngine\GFX_API\GFXSource\Renderer\GFX_Draw_Pass.h(27,43): warning C4251:         with
C:\dev\TuranEngine\GFX_API\GFXSource\Renderer\GFX_Draw_Pass.h(27,43): warning C4251:         [
C:\dev\TuranEngine\GFX_API\GFXSource\Renderer\GFX_Draw_Pass.h(27,43): warning C4251:             _Ty=GFX_Draw_Pass *
C:\dev\TuranEngine\GFX_API\GFXSource\Renderer\GFX_Draw_Pass.h(27,43): warning C4251:         ]
C:\dev\TuranEngine\GFX_API\GFXSource\Renderer\GFX_Draw_Pass.h(27): message :  see declaration of 'std::vector<GFX_Draw_Pass *,std::allocator<_Ty>>'
C:\dev\TuranEngine\GFX_API\GFXSource\Renderer\GFX_Draw_Pass.h(27): message :         with
C:\dev\TuranEngine\GFX_API\GFXSource\Renderer\GFX_Draw_Pass.h(27): message :         [
C:\dev\TuranEngine\GFX_API\GFXSource\Renderer\GFX_Draw_Pass.h(27): message :             _Ty=GFX_Draw_Pass *
C:\dev\TuranEngine\GFX_API\GFXSource\Renderer\GFX_Draw_Pass.h(27): message :         ]
C:\dev\TuranEngine\GFX_API\GFXSource\Renderer\GFX_Draw_Pass.h(32,13): warning C4251:  'GFX_Draw_Pass::NAME': class 'std::basic_string<char,std::char_traits<char>,std::allocator<char>>' needs to have dll-interface to be used by clients of class 'GFX_Draw_Pass'
C:\Program Files (x86)\Microsoft Visual Studio\2019\Community\VC\Tools\MSVC\14.22.27905\include\xstring(4343): message :  see declaration of 'std::basic_string<char,std::char_traits<char>,std::allocator<char>>'
C:\dev\TuranEngine\GFX_API\GFXSource\Renderer\GFX_RenderGraph.h(9,36): warning C4251:  'GFX_RenderGraph::DRAW_PASSes': class 'std::vector<GFX_Draw_Pass *,std::allocator<_Ty>>' needs to have dll-interface to be used by clients of class 'GFX_RenderGraph'
C:\dev\TuranEngine\GFX_API\GFXSource\Renderer\GFX_RenderGraph.h(9,36): warning C4251:         with
C:\dev\TuranEngine\GFX_API\GFXSource\Renderer\GFX_RenderGraph.h(9,36): warning C4251:         [
C:\dev\TuranEngine\GFX_API\GFXSource\Renderer\GFX_RenderGraph.h(9,36): warning C4251:             _Ty=GFX_Draw_Pass *
C:\dev\TuranEngine\GFX_API\GFXSource\Renderer\GFX_RenderGraph.h(9,36): warning C4251:         ]
C:\dev\TuranEngine\GFX_API\GFXSource\Renderer\GFX_Draw_Pass.h(27): message :  see declaration of 'std::vector<GFX_Draw_Pass *,std::allocator<_Ty>>'
C:\dev\TuranEngine\GFX_API\GFXSource\Renderer\GFX_Draw_Pass.h(27): message :         with
C:\dev\TuranEngine\GFX_API\GFXSource\Renderer\GFX_Draw_Pass.h(27): message :         [
C:\dev\TuranEngine\GFX_API\GFXSource\Renderer\GFX_Draw_Pass.h(27): message :             _Ty=GFX_Draw_Pass *
C:\dev\TuranEngine\GFX_API\GFXSource\Renderer\GFX_Draw_Pass.h(27): message :         ]
C:\dev\TuranEngine\GFX_API\GFXSource\Renderer\GFX_Texture.h(8,42): warning C4251:  'GFX_Texture::ALL_TEXTUREs': class 'std::vector<GFX_Texture *,std::allocator<_Ty>>' needs to have dll-interface to be used by clients of class 'GFX_Texture'
C:\dev\TuranEngine\GFX_API\GFXSource\Renderer\GFX_Texture.h(8,42): warning C4251:         with
C:\dev\TuranEngine\GFX_API\GFXSource\Renderer\GFX_Texture.h(8,42): warning C4251:         [
C:\dev\TuranEngine\GFX_API\GFXSource\Renderer\GFX_Texture.h(8,42): warning C4251:             _Ty=GFX_Texture *
C:\dev\TuranEngine\GFX_API\GFXSource\Renderer\GFX_Texture.h(8,42): warning C4251:         ]
C:\dev\TuranEngine\GFX_API\GFXSource\Renderer\GFX_Texture.h(8): message :  see declaration of 'std::vector<GFX_Texture *,std::allocator<_Ty>>'
C:\dev\TuranEngine\GFX_API\GFXSource\Renderer\GFX_Texture.h(8): message :         with
C:\dev\TuranEngine\GFX_API\GFXSource\Renderer\GFX_Texture.h(8): message :         [
C:\dev\TuranEngine\GFX_API\GFXSource\Renderer\GFX_Texture.h(8): message :             _Ty=GFX_Texture *
C:\dev\TuranEngine\GFX_API\GFXSource\Renderer\GFX_Texture.h(8): message :         ]
C:\dev\TuranEngine\GFX_API\GFXSource\Renderer\GFXI_Material.h(7,22): warning C4251:  'Material_Uniform::VARIABLE_NAME': class 'std::basic_string<char,std::char_traits<char>,std::allocator<char>>' needs to have dll-interface to be used by clients of struct 'Material_Uniform'
C:\Program Files (x86)\Microsoft Visual Studio\2019\Community\VC\Tools\MSVC\14.22.27905\include\xstring(4343): message :  see declaration of 'std::basic_string<char,std::char_traits<char>,std::allocator<char>>'
C:\dev\TuranEngine\GFX_API\GFXSource\Renderer\GFXI_Material.h(16,44): warning C4251:  'GFX_Material::ALL_Materials': class 'std::vector<GFX_Material *,std::allocator<_Ty>>' needs to have dll-interface to be used by clients of class 'GFX_Material'
C:\dev\TuranEngine\GFX_API\GFXSource\Renderer\GFXI_Material.h(16,44): warning C4251:         with
C:\dev\TuranEngine\GFX_API\GFXSource\Renderer\GFXI_Material.h(16,44): warning C4251:         [
C:\dev\TuranEngine\GFX_API\GFXSource\Renderer\GFXI_Material.h(16,44): warning C4251:             _Ty=GFX_Material *
C:\dev\TuranEngine\GFX_API\GFXSource\Renderer\GFXI_Material.h(16,44): warning C4251:         ]
C:\dev\TuranEngine\GFX_API\GFXSource\Renderer\GFXI_Material.h(16): message :  see declaration of 'std::vector<GFX_Material *,std::allocator<_Ty>>'
C:\dev\TuranEngine\GFX_API\GFXSource\Renderer\GFXI_Material.h(16): message :         with
C:\dev\TuranEngine\GFX_API\GFXSource\Renderer\GFXI_Material.h(16): message :         [
C:\dev\TuranEngine\GFX_API\GFXSource\Renderer\GFXI_Material.h(16): message :             _Ty=GFX_Material *
C:\dev\TuranEngine\GFX_API\GFXSource\Renderer\GFXI_Material.h(16): message :         ]
C:\dev\TuranEngine\GFX_API\GFXSource\Renderer\GFXI_Material.h(22,39): warning C4251:  'GFX_Material::UNIFORM_LIST': class 'std::vector<Material_Uniform,std::allocator<_Ty>>' needs to have dll-interface to be used by clients of class 'GFX_Material'
C:\dev\TuranEngine\GFX_API\GFXSource\Renderer\GFXI_Material.h(22,39): warning C4251:         with
C:\dev\TuranEngine\GFX_API\GFXSource\Renderer\GFXI_Material.h(22,39): warning C4251:         [
C:\dev\TuranEngine\GFX_API\GFXSource\Renderer\GFXI_Material.h(22,39): warning C4251:             _Ty=Material_Uniform
C:\dev\TuranEngine\GFX_API\GFXSource\Renderer\GFXI_Material.h(22,39): warning C4251:         ]
C:\dev\TuranEngine\GFX_API\GFXSource\Renderer\GFXI_Material.h(22): message :  see declaration of 'std::vector<Material_Uniform,std::allocator<_Ty>>'
C:\dev\TuranEngine\GFX_API\GFXSource\Renderer\GFXI_Material.h(22): message :         with
C:\dev\TuranEngine\GFX_API\GFXSource\Renderer\GFXI_Material.h(22): message :         [
C:\dev\TuranEngine\GFX_API\GFXSource\Renderer\GFXI_Material.h(22): message :             _Ty=Material_Uniform
C:\dev\TuranEngine\GFX_API\GFXSource\Renderer\GFXI_Material.h(22): message :         ]
C:\dev\TuranEngine\GFX_API\GFXSource\GFX_Core.h(11,45): warning C4251:  'GFX_API::ONSCREEN_Windows': class 'std::vector<GFX_WINDOW *,std::allocator<_Ty>>' needs to have dll-interface to be used by clients of class 'GFX_API'
C:\dev\TuranEngine\GFX_API\GFXSource\GFX_Core.h(11,45): warning C4251:         with
C:\dev\TuranEngine\GFX_API\GFXSource\GFX_Core.h(11,45): warning C4251:         [
C:\dev\TuranEngine\GFX_API\GFXSource\GFX_Core.h(11,45): warning C4251:             _Ty=GFX_WINDOW *
C:\dev\TuranEngine\GFX_API\GFXSource\GFX_Core.h(11,45): warning C4251:         ]
C:\dev\TuranEngine\GFX_API\GFXSource\GFX_Core.h(11): message :  see declaration of 'std::vector<GFX_WINDOW *,std::allocator<_Ty>>'
C:\dev\TuranEngine\GFX_API\GFXSource\GFX_Core.h(11): message :         with
C:\dev\TuranEngine\GFX_API\GFXSource\GFX_Core.h(11): message :         [
C:\dev\TuranEngine\GFX_API\GFXSource\GFX_Core.h(11): message :             _Ty=GFX_WINDOW *
C:\dev\TuranEngine\GFX_API\GFXSource\GFX_Core.h(11): message :         ]
C:\dev\TuranEngine\GFX_API\GFXSource\GFX_Core.h(12,48): warning C4251:  'GFX_API::CONNECTED_Monitors': class 'std::vector<GFX_MONITOR *,std::allocator<_Ty>>' needs to have dll-interface to be used by clients of class 'GFX_API'
C:\dev\TuranEngine\GFX_API\GFXSource\GFX_Core.h(12,48): warning C4251:         with
C:\dev\TuranEngine\GFX_API\GFXSource\GFX_Core.h(12,48): warning C4251:         [
C:\dev\TuranEngine\GFX_API\GFXSource\GFX_Core.h(12,48): warning C4251:             _Ty=GFX_MONITOR *
C:\dev\TuranEngine\GFX_API\GFXSource\GFX_Core.h(12,48): warning C4251:         ]
C:\dev\TuranEngine\GFX_API\GFXSource\GFX_Core.h(12): message :  see declaration of 'std::vector<GFX_MONITOR *,std::allocator<_Ty>>'
C:\dev\TuranEngine\GFX_API\GFXSource\GFX_Core.h(12): message :         with
C:\dev\TuranEngine\GFX_API\GFXSource\GFX_Core.h(12): message :         [
C:\dev\TuranEngine\GFX_API\GFXSource\GFX_Core.h(12): message :             _Ty=GFX_MONITOR *
C:\dev\TuranEngine\GFX_API\GFXSource\GFX_Core.h(12): message :         ]
C:\dev\TuranEngine\TuranEngine\EngineSource\Engine\EngineComponents\EngineComponent.h(8,15): warning C4251:  'EngineComponent::POSITION': struct 'glm::tvec3<float,0>' needs to have dll-interface to be used by clients of class 'EngineComponent'
C:\dev\TuranEngine\3rdPartyLibraries\Includes\glm\detail\type_vec.hpp(245): message :  see declaration of 'glm::tvec3<float,0>'
C:\dev\TuranEngine\TuranEngine\EngineSource\Engine\EngineComponents\EngineComponent.h(8,25): warning C4251:  'EngineComponent::ROTATION': struct 'glm::tvec3<float,0>' needs to have dll-interface to be used by clients of class 'EngineComponent'
C:\dev\TuranEngine\3rdPartyLibraries\Includes\glm\detail\type_vec.hpp(245): message :  see declaration of 'glm::tvec3<float,0>'
C:\dev\TuranEngine\TuranEngine\EngineSource\Engine\EngineComponents\EngineComponent.h(8,32): warning C4251:  'EngineComponent::SCALE': struct 'glm::tvec3<float,0>' needs to have dll-interface to be used by clients of class 'EngineComponent'
C:\dev\TuranEngine\3rdPartyLibraries\Includes\glm\detail\type_vec.hpp(245): message :  see declaration of 'glm::tvec3<float,0>'
C:\dev\TuranEngine\TuranEngine\EngineSource\Engine\Controllers\Keyboard_Controller.h(28,39): warning C4251:  'Keyboard_Controller::ALL_KEYs': class 'std::vector<KEYBOARD_KEYs,std::allocator<_Ty>>' needs to have dll-interface to be used by clients of class 'Keyboard_Controller'
C:\dev\TuranEngine\TuranEngine\EngineSource\Engine\Controllers\Keyboard_Controller.h(28,39): warning C4251:         with
C:\dev\TuranEngine\TuranEngine\EngineSource\Engine\Controllers\Keyboard_Controller.h(28,39): warning C4251:         [
C:\dev\TuranEngine\TuranEngine\EngineSource\Engine\Controllers\Keyboard_Controller.h(28,39): warning C4251:             _Ty=KEYBOARD_KEYs
C:\dev\TuranEngine\TuranEngine\EngineSource\Engine\Controllers\Keyboard_Controller.h(28,39): warning C4251:         ]
C:\dev\TuranEngine\TuranEngine\EngineSource\Engine\Controllers\Keyboard_Controller.h(28): message :  see declaration of 'std::vector<KEYBOARD_KEYs,std::allocator<_Ty>>'
C:\dev\TuranEngine\TuranEngine\EngineSource\Engine\Controllers\Keyboard_Controller.h(28): message :         with
C:\dev\TuranEngine\TuranEngine\EngineSource\Engine\Controllers\Keyboard_Controller.h(28): message :         [
C:\dev\TuranEngine\TuranEngine\EngineSource\Engine\Controllers\Keyboard_Controller.h(28): message :             _Ty=KEYBOARD_KEYs
C:\dev\TuranEngine\TuranEngine\EngineSource\Engine\Controllers\Keyboard_Controller.h(28): message :         ]
C:\dev\TuranEngine\TuranEngine\EngineSource\Engine\Controllers\Keyboard_Controller.h(29,36): warning C4251:  'Keyboard_Controller::IS_KEY_PRESSED': class 'std::vector<bool,std::allocator<_Ty>>' needs to have dll-interface to be used by clients of class 'Keyboard_Controller'
C:\dev\TuranEngine\TuranEngine\EngineSource\Engine\Controllers\Keyboard_Controller.h(29,36): warning C4251:         with
C:\dev\TuranEngine\TuranEngine\EngineSource\Engine\Controllers\Keyboard_Controller.h(29,36): warning C4251:         [
C:\dev\TuranEngine\TuranEngine\EngineSource\Engine\Controllers\Keyboard_Controller.h(29,36): warning C4251:             _Ty=bool
C:\dev\TuranEngine\TuranEngine\EngineSource\Engine\Controllers\Keyboard_Controller.h(29,36): warning C4251:         ]
C:\dev\TuranEngine\TuranEngine\EngineSource\Engine\Controllers\Keyboard_Controller.h(29): message :  see declaration of 'std::vector<bool,std::allocator<_Ty>>'
C:\dev\TuranEngine\TuranEngine\EngineSource\Engine\Controllers\Keyboard_Controller.h(29): message :         with
C:\dev\TuranEngine\TuranEngine\EngineSource\Engine\Controllers\Keyboard_Controller.h(29): message :         [
C:\dev\TuranEngine\TuranEngine\EngineSource\Engine\Controllers\Keyboard_Controller.h(29): message :             _Ty=bool
C:\dev\TuranEngine\TuranEngine\EngineSource\Engine\Controllers\Keyboard_Controller.h(29): message :         ]
C:\dev\TuranEngine\TuranEngine\EngineSource\Engine\EngineComponents\Camera.h(20,32): warning C4251:  'Camera::ACTIONs': class 'std::vector<Camera::CAMERA_ACTIONs,std::allocator<_Ty>>' needs to have dll-interface to be used by clients of class 'Camera'
C:\dev\TuranEngine\TuranEngine\EngineSource\Engine\EngineComponents\Camera.h(20,32): warning C4251:         with
C:\dev\TuranEngine\TuranEngine\EngineSource\Engine\EngineComponents\Camera.h(20,32): warning C4251:         [
C:\dev\TuranEngine\TuranEngine\EngineSource\Engine\EngineComponents\Camera.h(20,32): warning C4251:             _Ty=Camera::CAMERA_ACTIONs
C:\dev\TuranEngine\TuranEngine\EngineSource\Engine\EngineComponents\Camera.h(20,32): warning C4251:         ]
C:\dev\TuranEngine\TuranEngine\EngineSource\Engine\EngineComponents\Camera.h(20): message :  see declaration of 'std::vector<Camera::CAMERA_ACTIONs,std::allocator<_Ty>>'
C:\dev\TuranEngine\TuranEngine\EngineSource\Engine\EngineComponents\Camera.h(20): message :         with
C:\dev\TuranEngine\TuranEngine\EngineSource\Engine\EngineComponents\Camera.h(20): message :         [
C:\dev\TuranEngine\TuranEngine\EngineSource\Engine\EngineComponents\Camera.h(20): message :             _Ty=Camera::CAMERA_ACTIONs
C:\dev\TuranEngine\TuranEngine\EngineSource\Engine\EngineComponents\Camera.h(20): message :         ]
C:\dev\TuranEngine\TuranEngine\EngineSource\Engine\EngineComponents\Camera.h(22,19): warning C4251:  'Camera::FRONT_VECTOR': struct 'glm::tvec3<float,0>' needs to have dll-interface to be used by clients of class 'Camera'
C:\dev\TuranEngine\3rdPartyLibraries\Includes\glm\detail\type_vec.hpp(245): message :  see declaration of 'glm::tvec3<float,0>'
C:\dev\TuranEngine\TuranEngine\EngineSource\Engine\EngineComponents\Camera.h(22,33): warning C4251:  'Camera::RIGHT_VECTOR': struct 'glm::tvec3<float,0>' needs to have dll-interface to be used by clients of class 'Camera'
C:\dev\TuranEngine\3rdPartyLibraries\Includes\glm\detail\type_vec.hpp(245): message :  see declaration of 'glm::tvec3<float,0>'
C:\dev\TuranEngine\TuranEngine\EngineSource\Engine\EngineComponents\Camera.h(22,44): warning C4251:  'Camera::UP_VECTOR': struct 'glm::tvec3<float,0>' needs to have dll-interface to be used by clients of class 'Camera'
C:\dev\TuranEngine\3rdPartyLibraries\Includes\glm\detail\type_vec.hpp(245): message :  see declaration of 'glm::tvec3<float,0>'
C:\dev\TuranEngine\TuranEngine\EngineSource\Engine\EngineComponents\Camera.h(22,52): warning C4251:  'Camera::TARGET': struct 'glm::tvec3<float,0>' needs to have dll-interface to be used by clients of class 'Camera'
C:\dev\TuranEngine\3rdPartyLibraries\Includes\glm\detail\type_vec.hpp(245): message :  see declaration of 'glm::tvec3<float,0>'
C:\dev\TuranEngine\TuranEngine\EngineSource\Engine\EngineComponents\Camera.h(23,18): warning C4251:  'Camera::VIEW_MATRIX': struct 'glm::tmat4x4<float,0>' needs to have dll-interface to be used by clients of class 'Camera'
C:\dev\TuranEngine\3rdPartyLibraries\Includes\glm\detail\type_mat.hpp(304): message :  see declaration of 'glm::tmat4x4<float,0>'
C:\dev\TuranEngine\TuranEngine\EngineSource\Engine\EngineComponents\Camera.h(25,24): warning C4251:  'Camera::PROJECTION_MATRIX': struct 'glm::tmat4x4<float,0>' needs to have dll-interface to be used by clients of class 'Camera'
C:\dev\TuranEngine\3rdPartyLibraries\Includes\glm\detail\type_mat.hpp(304): message :  see declaration of 'glm::tmat4x4<float,0>'
C:\dev\TuranEngine\TuranEngine\EngineSource\Engine\EngineComponents\Camera.h(31,28): warning C4251:  'Camera::mouse_position_offset': struct 'glm::tvec2<float,0>' needs to have dll-interface to be used by clients of class 'Camera'
C:\dev\TuranEngine\3rdPartyLibraries\Includes\glm\detail\type_vec.hpp(135): message :  see declaration of 'glm::tvec2<float,0>'
C:\dev\TuranEngine\TuranEngine\EngineSource\Engine\Meshes\Mesh_Data_Class.h(25,18): warning C4251:  'Mesh_Data::NAME': class 'std::basic_string<char,std::char_traits<char>,std::allocator<char>>' needs to have dll-interface to be used by clients of class 'Mesh_Data'
C:\Program Files (x86)\Microsoft Visual Studio\2019\Community\VC\Tools\MSVC\14.22.27905\include\xstring(4343): message :  see declaration of 'std::basic_string<char,std::char_traits<char>,std::allocator<char>>'
C:\dev\TuranEngine\TuranEngine\EngineSource\Engine\Meshes\Static_Model_Class.h(8,41): warning C4251:  'Static_Model::ALL_MODELs': class 'std::vector<Static_Model *,std::allocator<_Ty>>' needs to have dll-interface to be used by clients of class 'Static_Model'
C:\dev\TuranEngine\TuranEngine\EngineSource\Engine\Meshes\Static_Model_Class.h(8,41): warning C4251:         with
C:\dev\TuranEngine\TuranEngine\EngineSource\Engine\Meshes\Static_Model_Class.h(8,41): warning C4251:         [
C:\dev\TuranEngine\TuranEngine\EngineSource\Engine\Meshes\Static_Model_Class.h(8,41): warning C4251:             _Ty=Static_Model *
C:\dev\TuranEngine\TuranEngine\EngineSource\Engine\Meshes\Static_Model_Class.h(8,41): warning C4251:         ]
C:\dev\TuranEngine\TuranEngine\EngineSource\Engine\Meshes\Static_Model_Class.h(8): message :  see declaration of 'std::vector<Static_Model *,std::allocator<_Ty>>'
C:\dev\TuranEngine\TuranEngine\EngineSource\Engine\Meshes\Static_Model_Class.h(8): message :         with
C:\dev\TuranEngine\TuranEngine\EngineSource\Engine\Meshes\Static_Model_Class.h(8): message :         [
C:\dev\TuranEngine\TuranEngine\EngineSource\Engine\Meshes\Static_Model_Class.h(8): message :             _Ty=Static_Model *
C:\dev\TuranEngine\TuranEngine\EngineSource\Engine\Meshes\Static_Model_Class.h(8): message :         ]
C:\dev\TuranEngine\TuranEngine\EngineSource\Engine\Meshes\Static_Model_Class.h(16,40): warning C4251:  'Static_Model::Meshes_of_Model': class 'std::vector<Mesh_Instance *,std::allocator<_Ty>>' needs to have dll-interface to be used by clients of class 'Static_Model'
C:\dev\TuranEngine\TuranEngine\EngineSource\Engine\Meshes\Static_Model_Class.h(16,40): warning C4251:         with
C:\dev\TuranEngine\TuranEngine\EngineSource\Engine\Meshes\Static_Model_Class.h(16,40): warning C4251:         [
C:\dev\TuranEngine\TuranEngine\EngineSource\Engine\Meshes\Static_Model_Class.h(16,40): warning C4251:             _Ty=Mesh_Instance *
C:\dev\TuranEngine\TuranEngine\EngineSource\Engine\Meshes\Static_Model_Class.h(16,40): warning C4251:         ]
C:\dev\TuranEngine\TuranEngine\EngineSource\Engine\Meshes\Static_Model_Class.h(16): message :  see declaration of 'std::vector<Mesh_Instance *,std::allocator<_Ty>>'
C:\dev\TuranEngine\TuranEngine\EngineSource\Engine\Meshes\Static_Model_Class.h(16): message :         with
C:\dev\TuranEngine\TuranEngine\EngineSource\Engine\Meshes\Static_Model_Class.h(16): message :         [
C:\dev\TuranEngine\TuranEngine\EngineSource\Engine\Meshes\Static_Model_Class.h(16): message :             _Ty=Mesh_Instance *
C:\dev\TuranEngine\TuranEngine\EngineSource\Engine\Meshes\Static_Model_Class.h(16): message :         ]
C:\dev\TuranEngine\TuranEngine\EngineSource\Engine\EngineComponents\Static_Model_Instance.h(19,20): warning C4251:  'Static_Model_Instance::SHADER_NAME': class 'std::basic_string<char,std::char_traits<char>,std::allocator<char>>' needs to have dll-interface to be used by clients of class 'Static_Model_Instance'
C:\Program Files (x86)\Microsoft Visual Studio\2019\Community\VC\Tools\MSVC\14.22.27905\include\xstring(4343): message :  see declaration of 'std::basic_string<char,std::char_traits<char>,std::allocator<char>>'
C:\dev\TuranEngine\TuranEngine\EngineSource\Engine\EngineComponents\Static_Model_Instance.h(20,34): warning C4251:  'Static_Model_Instance::DRAW_PASSes_NAMEs': class 'std::vector<std::string,std::allocator<_Ty>>' needs to have dll-interface to be used by clients of class 'Static_Model_Instance'
C:\dev\TuranEngine\TuranEngine\EngineSource\Engine\EngineComponents\Static_Model_Instance.h(20,34): warning C4251:         with
C:\dev\TuranEngine\TuranEngine\EngineSource\Engine\EngineComponents\Static_Model_Instance.h(20,34): warning C4251:         [
C:\dev\TuranEngine\TuranEngine\EngineSource\Engine\EngineComponents\Static_Model_Instance.h(20,34): warning C4251:             _Ty=std::string
C:\dev\TuranEngine\TuranEngine\EngineSource\Engine\EngineComponents\Static_Model_Instance.h(20,34): warning C4251:         ]
C:\dev\TuranEngine\TuranEngine\EngineSource\Engine\EngineComponents\Static_Model_Instance.h(20): message :  see declaration of 'std::vector<std::string,std::allocator<_Ty>>'
C:\dev\TuranEngine\TuranEngine\EngineSource\Engine\EngineComponents\Static_Model_Instance.h(20): message :         with
C:\dev\TuranEngine\TuranEngine\EngineSource\Engine\EngineComponents\Static_Model_Instance.h(20): message :         [
C:\dev\TuranEngine\TuranEngine\EngineSource\Engine\EngineComponents\Static_Model_Instance.h(20): message :             _Ty=std::string
C:\dev\TuranEngine\TuranEngine\EngineSource\Engine\EngineComponents\Static_Model_Instance.h(20): message :         ]
C:\dev\TuranEngine\TuranEngine\EngineSource\Engine\EngineComponents\Static_Model_Instance.h(21,22): warning C4251:  'Static_Model_Instance::world_transform': struct 'glm::tmat4x4<float,0>' needs to have dll-interface to be used by clients of class 'Static_Model_Instance'
C:\dev\TuranEngine\3rdPartyLibraries\Includes\glm\detail\type_mat.hpp(304): message :  see declaration of 'glm::tmat4x4<float,0>'
C:\dev\TuranEngine\TuranEngine\EngineSource\Engine\EngineComponents\Static_Model_Instance.h(23,59): warning C4251:  'Static_Model_Instance::ALL_Model_Instances': class 'std::vector<Static_Model_Instance *,std::allocator<_Ty>>' needs to have dll-interface to be used by clients of class 'Static_Model_Instance'
C:\dev\TuranEngine\TuranEngine\EngineSource\Engine\EngineComponents\Static_Model_Instance.h(23,59): warning C4251:         with
C:\dev\TuranEngine\TuranEngine\EngineSource\Engine\EngineComponents\Static_Model_Instance.h(23,59): warning C4251:         [
C:\dev\TuranEngine\TuranEngine\EngineSource\Engine\EngineComponents\Static_Model_Instance.h(23,59): warning C4251:             _Ty=Static_Model_Instance *
C:\dev\TuranEngine\TuranEngine\EngineSource\Engine\EngineComponents\Static_Model_Instance.h(23,59): warning C4251:         ]
C:\dev\TuranEngine\TuranEngine\EngineSource\Engine\EngineComponents\Static_Model_Instance.h(23): message :  see declaration of 'std::vector<Static_Model_Instance *,std::allocator<_Ty>>'
C:\dev\TuranEngine\TuranEngine\EngineSource\Engine\EngineComponents\Static_Model_Instance.h(23): message :         with
C:\dev\TuranEngine\TuranEngine\EngineSource\Engine\EngineComponents\Static_Model_Instance.h(23): message :         [
C:\dev\TuranEngine\TuranEngine\EngineSource\Engine\EngineComponents\Static_Model_Instance.h(23): message :             _Ty=Static_Model_Instance *
C:\dev\TuranEngine\TuranEngine\EngineSource\Engine\EngineComponents\Static_Model_Instance.h(23): message :         ]
C:\dev\TuranEngine\TuranEngine\EngineSource\Engine\GameObject\GameObject.h(8,44): warning C4251:  'GameObject::ALL_GAMEOBJECTs': class 'std::vector<GameObject *,std::allocator<_Ty>>' needs to have dll-interface to be used by clients of class 'GameObject'
C:\dev\TuranEngine\TuranEngine\EngineSource\Engine\GameObject\GameObject.h(8,44): warning C4251:         with
C:\dev\TuranEngine\TuranEngine\EngineSource\Engine\GameObject\GameObject.h(8,44): warning C4251:         [
C:\dev\TuranEngine\TuranEngine\EngineSource\Engine\GameObject\GameObject.h(8,44): warning C4251:             _Ty=GameObject *
C:\dev\TuranEngine\TuranEngine\EngineSource\Engine\GameObject\GameObject.h(8,44): warning C4251:         ]
C:\dev\TuranEngine\TuranEngine\EngineSource\Engine\GameObject\GameObject.h(8): message :  see declaration of 'std::vector<GameObject *,std::allocator<_Ty>>'
C:\dev\TuranEngine\TuranEngine\EngineSource\Engine\GameObject\GameObject.h(8): message :         with
C:\dev\TuranEngine\TuranEngine\EngineSource\Engine\GameObject\GameObject.h(8): message :         [
C:\dev\TuranEngine\TuranEngine\EngineSource\Engine\GameObject\GameObject.h(8): message :             _Ty=GameObject *
C:\dev\TuranEngine\TuranEngine\EngineSource\Engine\GameObject\GameObject.h(8): message :         ]
C:\dev\TuranEngine\TuranEngine\EngineSource\Engine\GameObject\GameObject.h(9,15): warning C4251:  'GameObject::POSITION': struct 'glm::tvec3<float,0>' needs to have dll-interface to be used by clients of class 'GameObject'
C:\dev\TuranEngine\3rdPartyLibraries\Includes\glm\detail\type_vec.hpp(245): message :  see declaration of 'glm::tvec3<float,0>'
C:\dev\TuranEngine\TuranEngine\EngineSource\Engine\GameObject\GameObject.h(9,25): warning C4251:  'GameObject::ROTATION': struct 'glm::tvec3<float,0>' needs to have dll-interface to be used by clients of class 'GameObject'
C:\dev\TuranEngine\3rdPartyLibraries\Includes\glm\detail\type_vec.hpp(245): message :  see declaration of 'glm::tvec3<float,0>'
C:\dev\TuranEngine\TuranEngine\EngineSource\Engine\GameObject\GameObject.h(9,32): warning C4251:  'GameObject::SCALE': struct 'glm::tvec3<float,0>' needs to have dll-interface to be used by clients of class 'GameObject'
C:\dev\TuranEngine\3rdPartyLibraries\Includes\glm\detail\type_vec.hpp(245): message :  see declaration of 'glm::tvec3<float,0>'
C:\dev\TuranEngine\TuranEngine\EngineSource\Engine\GameObject\GameObject.h(11,37): warning C4251:  'GameObject::COMPONENTs': class 'std::vector<EngineComponent *,std::allocator<_Ty>>' needs to have dll-interface to be used by clients of class 'GameObject'
C:\dev\TuranEngine\TuranEngine\EngineSource\Engine\GameObject\GameObject.h(11,37): warning C4251:         with
C:\dev\TuranEngine\TuranEngine\EngineSource\Engine\GameObject\GameObject.h(11,37): warning C4251:         [
C:\dev\TuranEngine\TuranEngine\EngineSource\Engine\GameObject\GameObject.h(11,37): warning C4251:             _Ty=EngineComponent *
C:\dev\TuranEngine\TuranEngine\EngineSource\Engine\GameObject\GameObject.h(11,37): warning C4251:         ]
C:\dev\TuranEngine\TuranEngine\EngineSource\Engine\GameObject\GameObject.h(11): message :  see declaration of 'std::vector<EngineComponent *,std::allocator<_Ty>>'
C:\dev\TuranEngine\TuranEngine\EngineSource\Engine\GameObject\GameObject.h(11): message :         with
C:\dev\TuranEngine\TuranEngine\EngineSource\Engine\GameObject\GameObject.h(11): message :         [
C:\dev\TuranEngine\TuranEngine\EngineSource\Engine\GameObject\GameObject.h(11): message :             _Ty=EngineComponent *
C:\dev\TuranEngine\TuranEngine\EngineSource\Engine\GameObject\GameObject.h(11): message :         ]
C:\dev\TuranEngine\TuranEngine\EngineSource\Engine\Scene\Scene_Core.h(12,13): warning C4251:  'Scene::NAME': class 'std::basic_string<char,std::char_traits<char>,std::allocator<char>>' needs to have dll-interface to be used by clients of class 'Scene'
C:\Program Files (x86)\Microsoft Visual Studio\2019\Community\VC\Tools\MSVC\14.22.27905\include\xstring(4343): message :  see declaration of 'std::basic_string<char,std::char_traits<char>,std::allocator<char>>'
C:\dev\TuranEngine\TuranEngine\EngineSource\Engine\Scene\Scene_Core.h(13,34): warning C4251:  'Scene::GAME_OBJECTs': class 'std::vector<GameObject *,std::allocator<_Ty>>' needs to have dll-interface to be used by clients of class 'Scene'
C:\dev\TuranEngine\TuranEngine\EngineSource\Engine\Scene\Scene_Core.h(13,34): warning C4251:         with
C:\dev\TuranEngine\TuranEngine\EngineSource\Engine\Scene\Scene_Core.h(13,34): warning C4251:         [
C:\dev\TuranEngine\TuranEngine\EngineSource\Engine\Scene\Scene_Core.h(13,34): warning C4251:             _Ty=GameObject *
C:\dev\TuranEngine\TuranEngine\EngineSource\Engine\Scene\Scene_Core.h(13,34): warning C4251:         ]
C:\dev\TuranEngine\TuranEngine\EngineSource\Engine\GameObject\GameObject.h(8): message :  see declaration of 'std::vector<GameObject *,std::allocator<_Ty>>'
C:\dev\TuranEngine\TuranEngine\EngineSource\Engine\GameObject\GameObject.h(8): message :         with
C:\dev\TuranEngine\TuranEngine\EngineSource\Engine\GameObject\GameObject.h(8): message :         [
C:\dev\TuranEngine\TuranEngine\EngineSource\Engine\GameObject\GameObject.h(8): message :             _Ty=GameObject *
C:\dev\TuranEngine\TuranEngine\EngineSource\Engine\GameObject\GameObject.h(8): message :         ]
C:\dev\TuranEngine\TuranEngine\EngineSource\Engine\Scene\Scene_Core.h(14,39): warning C4251:  'Scene::MODELs': class 'std::vector<Static_Model_Instance *,std::allocator<_Ty>>' needs to have dll-interface to be used by clients of class 'Scene'
C:\dev\TuranEngine\TuranEngine\EngineSource\Engine\Scene\Scene_Core.h(14,39): warning C4251:         with
C:\dev\TuranEngine\TuranEngine\EngineSource\Engine\Scene\Scene_Core.h(14,39): warning C4251:         [
C:\dev\TuranEngine\TuranEngine\EngineSource\Engine\Scene\Scene_Core.h(14,39): warning C4251:             _Ty=Static_Model_Instance *
C:\dev\TuranEngine\TuranEngine\EngineSource\Engine\Scene\Scene_Core.h(14,39): warning C4251:         ]
C:\dev\TuranEngine\TuranEngine\EngineSource\Engine\EngineComponents\Static_Model_Instance.h(23): message :  see declaration of 'std::vector<Static_Model_Instance *,std::allocator<_Ty>>'
C:\dev\TuranEngine\TuranEngine\EngineSource\Engine\EngineComponents\Static_Model_Instance.h(23): message :         with
C:\dev\TuranEngine\TuranEngine\EngineSource\Engine\EngineComponents\Static_Model_Instance.h(23): message :         [
C:\dev\TuranEngine\TuranEngine\EngineSource\Engine\EngineComponents\Static_Model_Instance.h(23): message :             _Ty=Static_Model_Instance *
C:\dev\TuranEngine\TuranEngine\EngineSource\Engine\EngineComponents\Static_Model_Instance.h(23): message :         ]
C:\dev\TuranEngine\TuranEngine\EngineSource\Engine\Scene\Scene_Core.h(15,25): warning C4251:  'Scene::CAMERAs': class 'std::vector<Camera *,std::allocator<_Ty>>' needs to have dll-interface to be used by clients of class 'Scene'
C:\dev\TuranEngine\TuranEngine\EngineSource\Engine\Scene\Scene_Core.h(15,25): warning C4251:         with
C:\dev\TuranEngine\TuranEngine\EngineSource\Engine\Scene\Scene_Core.h(15,25): warning C4251:         [
C:\dev\TuranEngine\TuranEngine\EngineSource\Engine\Scene\Scene_Core.h(15,25): warning C4251:             _Ty=Camera *
C:\dev\TuranEngine\TuranEngine\EngineSource\Engine\Scene\Scene_Core.h(15,25): warning C4251:         ]
C:\dev\TuranEngine\TuranEngine\EngineSource\Engine\Scene\Scene_Core.h(15): message :  see declaration of 'std::vector<Camera *,std::allocator<_Ty>>'
C:\dev\TuranEngine\TuranEngine\EngineSource\Engine\Scene\Scene_Core.h(15): message :         with
C:\dev\TuranEngine\TuranEngine\EngineSource\Engine\Scene\Scene_Core.h(15): message :         [
C:\dev\TuranEngine\TuranEngine\EngineSource\Engine\Scene\Scene_Core.h(15): message :             _Ty=Camera *
C:\dev\TuranEngine\TuranEngine\EngineSource\Engine\Scene\Scene_Core.h(15): message :         ]
C:\dev\TuranEngine\TuranEngine\EngineSource\Engine\Scene\Scene_Core.h(24,34): warning C4251:  'Scene::ALL_SCENEs': class 'std::vector<Scene *,std::allocator<_Ty>>' needs to have dll-interface to be used by clients of class 'Scene'
C:\dev\TuranEngine\TuranEngine\EngineSource\Engine\Scene\Scene_Core.h(24,34): warning C4251:         with
C:\dev\TuranEngine\TuranEngine\EngineSource\Engine\Scene\Scene_Core.h(24,34): warning C4251:         [
C:\dev\TuranEngine\TuranEngine\EngineSource\Engine\Scene\Scene_Core.h(24,34): warning C4251:             _Ty=Scene *
C:\dev\TuranEngine\TuranEngine\EngineSource\Engine\Scene\Scene_Core.h(24,34): warning C4251:         ]
C:\dev\TuranEngine\TuranEngine\EngineSource\Engine\Scene\Scene_Core.h(24): message :  see declaration of 'std::vector<Scene *,std::allocator<_Ty>>'
C:\dev\TuranEngine\TuranEngine\EngineSource\Engine\Scene\Scene_Core.h(24): message :         with
C:\dev\TuranEngine\TuranEngine\EngineSource\Engine\Scene\Scene_Core.h(24): message :         [
C:\dev\TuranEngine\TuranEngine\EngineSource\Engine\Scene\Scene_Core.h(24): message :             _Ty=Scene *
C:\dev\TuranEngine\TuranEngine\EngineSource\Engine\Scene\Scene_Core.h(24): message :         ]
C:\dev\TuranEngine\TuranEngine\EngineSource\TuranEngine.h(15,39): warning C4251:  'TuranEngine::ApplicationClose_Reason': class 'std::basic_string<char,std::char_traits<char>,std::allocator<char>>' needs to have dll-interface to be used by clients of class 'TuranEngine'
C:\Program Files (x86)\Microsoft Visual Studio\2019\Community\VC\Tools\MSVC\14.22.27905\include\xstring(4343): message :  see declaration of 'std::basic_string<char,std::char_traits<char>,std::allocator<char>>'
C:\dev\TuranEngine\TuranAPI\TuranAPI\FileSystem\Resource_Types\Resource_Type.h(11,15): warning C4251:  'TuranAPI::File_System::Resource_File::PATH': class 'std::basic_string<char,std::char_traits<char>,std::allocator<char>>' needs to have dll-interface to be used by clients of struct 'TuranAPI::File_System::Resource_File'
C:\Program Files (x86)\Microsoft Visual Studio\2019\Community\VC\Tools\MSVC\14.22.27905\include\xstring(4343): message :  see declaration of 'std::basic_string<char,std::char_traits<char>,std::allocator<char>>'
C:\dev\TuranEngine\TuranAPI\TuranAPI\FileSystem\Resource_Types\Resource_Type.h(15,47): warning C4251:  'TuranAPI::File_System::Resource_File::ALL_RESOURCEs': class 'std::vector<TuranAPI::File_System::Resource_File *,std::allocator<_Ty>>' needs to have dll-interface to be used by clients of struct 'TuranAPI::File_System::Resource_File'
C:\dev\TuranEngine\TuranAPI\TuranAPI\FileSystem\Resource_Types\Resource_Type.h(15,47): warning C4251:         with
C:\dev\TuranEngine\TuranAPI\TuranAPI\FileSystem\Resource_Types\Resource_Type.h(15,47): warning C4251:         [
C:\dev\TuranEngine\TuranAPI\TuranAPI\FileSystem\Resource_Types\Resource_Type.h(15,47): warning C4251:             _Ty=TuranAPI::File_System::Resource_File *
C:\dev\TuranEngine\TuranAPI\TuranAPI\FileSystem\Resource_Types\Resource_Type.h(15,47): warning C4251:         ]
C:\dev\TuranEngine\TuranAPI\TuranAPI\FileSystem\Resource_Types\Resource_Type.h(15): message :  see declaration of 'std::vector<TuranAPI::File_System::Resource_File *,std::allocator<_Ty>>'
C:\dev\TuranEngine\TuranAPI\TuranAPI\FileSystem\Resource_Types\Resource_Type.h(15): message :         with
C:\dev\TuranEngine\TuranAPI\TuranAPI\FileSystem\Resource_Types\Resource_Type.h(15): message :         [
C:\dev\TuranEngine\TuranAPI\TuranAPI\FileSystem\Resource_Types\Resource_Type.h(15): message :             _Ty=TuranAPI::File_System::Resource_File *
C:\dev\TuranEngine\TuranAPI\TuranAPI\FileSystem\Resource_Types\Resource_Type.h(15): message :         ]
C:\dev\TuranEngine\TuranAPI\TuranAPI\FileSystem\Resource_Types\Model_Resource.h(49,53): warning C4251:  'TuranAPI::File_System::Static_Model_Data::ALL_MODEL_DATAs': class 'std::vector<TuranAPI::File_System::Static_Model_Data *,std::allocator<_Ty>>' needs to have dll-interface to be used by clients of struct 'TuranAPI::File_System::Static_Model_Data'
C:\dev\TuranEngine\TuranAPI\TuranAPI\FileSystem\Resource_Types\Model_Resource.h(49,53): warning C4251:         with
C:\dev\TuranEngine\TuranAPI\TuranAPI\FileSystem\Resource_Types\Model_Resource.h(49,53): warning C4251:         [
C:\dev\TuranEngine\TuranAPI\TuranAPI\FileSystem\Resource_Types\Model_Resource.h(49,53): warning C4251:             _Ty=TuranAPI::File_System::Static_Model_Data *
C:\dev\TuranEngine\TuranAPI\TuranAPI\FileSystem\Resource_Types\Model_Resource.h(49,53): warning C4251:         ]
C:\dev\TuranEngine\TuranAPI\TuranAPI\FileSystem\Resource_Types\Model_Resource.h(49): message :  see declaration of 'std::vector<TuranAPI::File_System::Static_Model_Data *,std::allocator<_Ty>>'
C:\dev\TuranEngine\TuranAPI\TuranAPI\FileSystem\Resource_Types\Model_Resource.h(49): message :         with
C:\dev\TuranEngine\TuranAPI\TuranAPI\FileSystem\Resource_Types\Model_Resource.h(49): message :         [
C:\dev\TuranEngine\TuranAPI\TuranAPI\FileSystem\Resource_Types\Model_Resource.h(49): message :             _Ty=TuranAPI::File_System::Static_Model_Data *
C:\dev\TuranEngine\TuranAPI\TuranAPI\FileSystem\Resource_Types\Model_Resource.h(49): message :         ]
C:\dev\TuranEngine\TuranAPI\TuranAPI\FileSystem\FileSystem_Core.h(30,37): warning C4251:  'TuranAPI::File_System::FileSystem::GlobalFileList_PATH': class 'std::basic_string<char,std::char_traits<char>,std::allocator<char>>' needs to have dll-interface to be used by clients of class 'TuranAPI::File_System::FileSystem'
C:\Program Files (x86)\Microsoft Visual Studio\2019\Community\VC\Tools\MSVC\14.22.27905\include\xstring(4343): message :  see declaration of 'std::basic_string<char,std::char_traits<char>,std::allocator<char>>'
     Creating library C:\dev\TuranEngine\bin\TuranEngine\TuranEngine.lib and object C:\dev\TuranEngine\bin\TuranEngine\TuranEngine.exp
  Generating code
  10 of 1092 functions ( 0.9%) were compiled, the rest were copied from previous compilation.
    1 functions were new in current compilation
    0 functions had inline decision re-evaluated but remain unchanged
  Finished generating code
  TuranEngine.vcxproj -> C:\dev\TuranEngine\bin\TuranEngine\TuranEngine.dll
  C:\dev\TuranEngine\bin\TuranEngine\TuranEngine.dll
  1 File(s) copied
