c:\dev\turanengıne\bın-ınt\turanengıne\vc142.pdb
c:\dev\turanengıne\bın-ınt\turanengıne\turanengıne.obj
c:\dev\turanengıne\bın-ınt\turanengıne\vector.obj
c:\dev\turanengıne\bın-ınt\turanengıne\tstl_core.obj
c:\dev\turanengıne\bın-ınt\turanengıne\memorymanager_core.obj
c:\dev\turanengıne\bın\turanengıne\turanengıne.dll
c:\dev\turanengıne\bın\turanengıne\turanengıne.pdb
c:\dev\turanengine\bin\turanengine\turanengine.lib
c:\dev\turanengine\bin\turanengine\turanengine.exp
c:\dev\turanengine\bin-int\turanengine\memorymanager_core.obj
c:\dev\turanengine\bin-int\turanengine\system_ınspector.obj
c:\dev\turanengine\bin-int\turanengine\tstl_core.obj
c:\dev\turanengine\bin-int\turanengine\turanengine.obj
c:\dev\turanengine\bin-int\turanengine\vector.obj
c:\dev\turanengine\bin-int\turanengine\vc142.pdb
c:\dev\turanengine\bin\turanengine\turanengine.pdb
c:\dev\turanengine\bin\turanengine\turanengine.dll
c:\dev\turanengine\bin-int\turanengine\turanengine.tlog\cl.command.1.tlog
c:\dev\turanengine\bin-int\turanengine\turanengine.tlog\cl.read.1.tlog
c:\dev\turanengine\bin-int\turanengine\turanengine.tlog\cl.write.1.tlog
c:\dev\turanengine\bin-int\turanengine\turanengine.tlog\link.command.1.tlog
c:\dev\turanengine\bin-int\turanengine\turanengine.tlog\link.read.1.tlog
c:\dev\turanengine\bin-int\turanengine\turanengine.tlog\link.write.1.tlog
c:\dev\turanengine\bin-int\turanengine\turanengine.tlog\turanengine.write.1u.tlog
