c:\users\furka\desktop\çalışmalarım\turanengıne\bın-ınt\gfx_apı\vc142.pdb
c:\users\furka\desktop\çalışmalarım\turanengıne\bın-ınt\gfx_apı\gfx_render_target.obj
c:\users\furka\desktop\çalışmalarım\turanengıne\bın-ınt\gfx_apı\gfx_rendergraph.obj
c:\users\furka\desktop\çalışmalarım\turanengıne\bın-ınt\gfx_apı\gfx_renderer.obj
c:\users\furka\desktop\çalışmalarım\turanengıne\bın-ınt\gfx_apı\gfx_framebuffer.obj
c:\users\furka\desktop\çalışmalarım\turanengıne\bın-ınt\gfx_apı\gfx_draw_pass.obj
c:\users\furka\desktop\çalışmalarım\turanengıne\bın-ınt\gfx_apı\gfxı_mesh_representatıon.obj
c:\users\furka\desktop\çalışmalarım\turanengıne\bın-ınt\gfx_apı\gfx_wındow.obj
c:\users\furka\desktop\çalışmalarım\turanengıne\bın-ınt\gfx_apı\gfx_monıtor.obj
c:\users\furka\desktop\çalışmalarım\turanengıne\bın-ınt\gfx_apı\gfx_fılesystem.obj
c:\users\furka\desktop\çalışmalarım\turanengıne\bın-ınt\gfx_apı\gfx_core.obj
c:\users\furka\desktop\çalışmalarım\turanengine\bin-int\gfx_apı\gfxı_mesh_representatıon.obj
c:\users\furka\desktop\çalışmalarım\turanengine\bin-int\gfx_apı\gfx_core.obj
c:\users\furka\desktop\çalışmalarım\turanengine\bin-int\gfx_apı\gfx_draw_pass.obj
c:\users\furka\desktop\çalışmalarım\turanengine\bin-int\gfx_apı\gfx_filesystem.obj
c:\users\furka\desktop\çalışmalarım\turanengine\bin-int\gfx_apı\gfx_framebuffer.obj
c:\users\furka\desktop\çalışmalarım\turanengine\bin-int\gfx_apı\gfx_monitor.obj
c:\users\furka\desktop\çalışmalarım\turanengine\bin-int\gfx_apı\gfx_renderer.obj
c:\users\furka\desktop\çalışmalarım\turanengine\bin-int\gfx_apı\gfx_rendergraph.obj
c:\users\furka\desktop\çalışmalarım\turanengine\bin-int\gfx_apı\gfx_render_target.obj
c:\users\furka\desktop\çalışmalarım\turanengine\bin-int\gfx_apı\gfx_window.obj
c:\users\furka\desktop\çalışmalarım\turanengine\bin-int\gfx_apı\vc142.pdb
c:\users\furka\desktop\çalışmalarım\turanengine\bin\gfx_apı\gfx_apı.pdb
c:\users\furka\desktop\çalışmalarım\turanengine\bin-int\gfx_apı\gfx_apı.tlog\cl.command.1.tlog
c:\users\furka\desktop\çalışmalarım\turanengine\bin-int\gfx_apı\gfx_apı.tlog\cl.read.1.tlog
c:\users\furka\desktop\çalışmalarım\turanengine\bin-int\gfx_apı\gfx_apı.tlog\cl.write.1.tlog
c:\users\furka\desktop\çalışmalarım\turanengine\bin-int\gfx_apı\gfx_apı.tlog\link.command.1.tlog
c:\users\furka\desktop\çalışmalarım\turanengine\bin-int\gfx_apı\gfx_apı.tlog\link.delete.1.tlog
c:\users\furka\desktop\çalışmalarım\turanengine\bin-int\gfx_apı\gfx_apı.tlog\link.read.1.tlog
c:\users\furka\desktop\çalışmalarım\turanengine\bin-int\gfx_apı\gfx_apı.tlog\link.write.1.tlog
