C:\Program Files (x86)\Microsoft Visual Studio\2019\Community\MSBuild\Microsoft\VC\v160\Microsoft.CppBuild.targets(452,5): warning MSB8004: Intermediate Directory does not end with a trailing slash.  This build instance will add the slash as it is required to allow proper evaluation of the Intermediate Directory.
C:\Program Files (x86)\Microsoft Visual Studio\2019\Community\MSBuild\Microsoft\VC\v160\Microsoft.CppBuild.targets(453,5): warning MSB8004: Output Directory does not end with a trailing slash.  This build instance will add the slash as it is required to allow proper evaluation of the Output Directory.
  GFX_Renderer.cpp
C:\dev\TuranEngine\TuranAPI\TuranAPI\FileSystem\Profiler\Profiler_Core.h(22,15): warning C4251: 'TuranAPI::Profiler::Profiled_Scope::NAME': class 'TuranAPI::STL::String' needs to have dll-interface to be used by clients of class 'TuranAPI::Profiler::Profiled_Scope'
C:\dev\TuranEngine\TuranAPI\TuranAPI\TSTL\TSTL_Core.h(8): message : see declaration of 'TuranAPI::STL::String'
C:\dev\TuranEngine\TuranAPI\TuranAPI\FileSystem\Profiler\Profiler_Core.h(34,19): warning C4251: 'TuranAPI::Profiler::Profiling_Session::FILEPATH': class 'TuranAPI::STL::String' needs to have dll-interface to be used by clients of class 'TuranAPI::Profiler::Profiling_Session'
C:\dev\TuranEngine\TuranAPI\TuranAPI\TSTL\TSTL_Core.h(8): message : see declaration of 'TuranAPI::STL::String'
C:\dev\TuranEngine\TuranAPI\TuranAPI\FileSystem\Resource_Types\Resource_Type.h(15,15): warning C4251: 'TuranAPI::File_System::Resource_Type::PATH': class 'TuranAPI::STL::String' needs to have dll-interface to be used by clients of class 'TuranAPI::File_System::Resource_Type'
C:\dev\TuranEngine\TuranAPI\TuranAPI\TSTL\TSTL_Core.h(8): message : see declaration of 'TuranAPI::STL::String'
C:\dev\TuranEngine\TuranAPI\TuranAPI\FileSystem\Resource_Types\Resource_Type.h(19,15): warning C4251: 'TuranAPI::File_System::Resource_Type::NAME': class 'TuranAPI::STL::String' needs to have dll-interface to be used by clients of class 'TuranAPI::File_System::Resource_Type'
C:\dev\TuranEngine\TuranAPI\TuranAPI\TSTL\TSTL_Core.h(8): message : see declaration of 'TuranAPI::STL::String'
C:\dev\TuranEngine\TuranAPI\TuranAPI\FileSystem\Resource_Types\Model_Resource.h(37,47): warning C4251: 'TuranAPI::File_System::Static_Model_Data::ALL_STATICMODELs': class 'TuranAPI::STL::Vector<TuranAPI::File_System::Static_Model_Data *>' needs to have dll-interface to be used by clients of class 'TuranAPI::File_System::Static_Model_Data'
C:\dev\TuranEngine\TuranAPI\TuranAPI\FileSystem\Resource_Types\Model_Resource.h(37): message : see declaration of 'TuranAPI::STL::Vector<TuranAPI::File_System::Static_Model_Data *>'
C:\dev\TuranEngine\TuranAPI\TuranAPI\FileSystem\Resource_Types\Material_Type_Resource.h(10,31): warning C4251: 'TuranAPI::File_System::Material_Uniform::VARIABLE_NAME': class 'TuranAPI::STL::String' needs to have dll-interface to be used by clients of struct 'TuranAPI::File_System::Material_Uniform'
C:\dev\TuranEngine\TuranAPI\TuranAPI\TSTL\TSTL_Core.h(8): message : see declaration of 'TuranAPI::STL::String'
C:\dev\TuranEngine\TuranAPI\TuranAPI\FileSystem\Resource_Types\Material_Type_Resource.h(25,53): warning C4251: 'TuranAPI::File_System::Material_Type_Resource::ALL_MATERIALTYPEs': class 'TuranAPI::STL::Vector<TuranAPI::File_System::Material_Type_Resource *>' needs to have dll-interface to be used by clients of class 'TuranAPI::File_System::Material_Type_Resource'
C:\dev\TuranEngine\TuranAPI\TuranAPI\FileSystem\Resource_Types\Material_Type_Resource.h(25): message : see declaration of 'TuranAPI::STL::Vector<TuranAPI::File_System::Material_Type_Resource *>'
C:\dev\TuranEngine\TuranAPI\TuranAPI\FileSystem\Resource_Types\Material_Type_Resource.h(31,24): warning C4251: 'TuranAPI::File_System::Material_Type_Resource::VERTEX_SOURCE': class 'TuranAPI::STL::String' needs to have dll-interface to be used by clients of class 'TuranAPI::File_System::Material_Type_Resource'
C:\dev\TuranEngine\TuranAPI\TuranAPI\TSTL\TSTL_Core.h(8): message : see declaration of 'TuranAPI::STL::String'
C:\dev\TuranEngine\TuranAPI\TuranAPI\FileSystem\Resource_Types\Material_Type_Resource.h(31,41): warning C4251: 'TuranAPI::File_System::Material_Type_Resource::FRAGMENT_SOURCE': class 'TuranAPI::STL::String' needs to have dll-interface to be used by clients of class 'TuranAPI::File_System::Material_Type_Resource'
C:\dev\TuranEngine\TuranAPI\TuranAPI\TSTL\TSTL_Core.h(8): message : see declaration of 'TuranAPI::STL::String'
C:\dev\TuranEngine\TuranAPI\TuranAPI\FileSystem\Resource_Types\Material_Type_Resource.h(32,60): warning C4251: 'TuranAPI::File_System::Material_Type_Resource::UNIFORMs': class 'TuranAPI::STL::Vector<TuranAPI::File_System::Material_Uniform>' needs to have dll-interface to be used by clients of class 'TuranAPI::File_System::Material_Type_Resource'
C:\dev\TuranEngine\TuranAPI\TuranAPI\FileSystem\Resource_Types\Material_Type_Resource.h(32): message : see declaration of 'TuranAPI::STL::Vector<TuranAPI::File_System::Material_Uniform>'
C:\dev\TuranEngine\TuranAPI\TuranAPI\FileSystem\Resource_Types\Material_Type_Resource.h(42,48): warning C4251: 'TuranAPI::File_System::Material_Instance::ALL_MATERIALINSTs': class 'TuranAPI::STL::Vector<TuranAPI::File_System::Material_Instance *>' needs to have dll-interface to be used by clients of class 'TuranAPI::File_System::Material_Instance'
C:\dev\TuranEngine\TuranAPI\TuranAPI\FileSystem\Resource_Types\Material_Type_Resource.h(42): message : see declaration of 'TuranAPI::STL::Vector<TuranAPI::File_System::Material_Instance *>'
C:\dev\TuranEngine\TuranAPI\TuranAPI\FileSystem\Resource_Types\Material_Type_Resource.h(51,41): warning C4251: 'TuranAPI::File_System::Material_Instance::UNIFORM_LIST': class 'TuranAPI::STL::Vector<TuranAPI::File_System::Material_Uniform>' needs to have dll-interface to be used by clients of class 'TuranAPI::File_System::Material_Instance'
C:\dev\TuranEngine\TuranAPI\TuranAPI\FileSystem\Resource_Types\Material_Type_Resource.h(32): message : see declaration of 'TuranAPI::STL::Vector<TuranAPI::File_System::Material_Uniform>'
C:\dev\TuranEngine\TuranAPI\TuranAPI\FileSystem\Resource_Types\FileList_Resource.h(9,44): warning C4251: 'TuranAPI::File_System::FileList_Resource::ContentListVector': class 'TuranAPI::STL::Vector<TuranAPI::File_System::Resource_Type *>' needs to have dll-interface to be used by clients of class 'TuranAPI::File_System::FileList_Resource'
C:\dev\TuranEngine\TuranAPI\TuranAPI\FileSystem\Resource_Types\FileList_Resource.h(9): message : see declaration of 'TuranAPI::STL::Vector<TuranAPI::File_System::Resource_Type *>'
C:\dev\TuranEngine\TuranAPI\TuranAPI\FileSystem\Logger\Logger_Core.h(18,27): warning C4251: 'TuranAPI::Logging::Logger::MainLogFile_Path': class 'TuranAPI::STL::String' needs to have dll-interface to be used by clients of class 'TuranAPI::Logging::Logger'
C:\dev\TuranEngine\TuranAPI\TuranAPI\TSTL\TSTL_Core.h(8): message : see declaration of 'TuranAPI::STL::String'
C:\dev\TuranEngine\TuranAPI\TuranAPI\FileSystem\Logger\Logger_Core.h(19,30): warning C4251: 'TuranAPI::Logging::Logger::WarningLogFile_Path': class 'TuranAPI::STL::String' needs to have dll-interface to be used by clients of class 'TuranAPI::Logging::Logger'
C:\dev\TuranEngine\TuranAPI\TuranAPI\TSTL\TSTL_Core.h(8): message : see declaration of 'TuranAPI::STL::String'
C:\dev\TuranEngine\TuranAPI\TuranAPI\FileSystem\Logger\Logger_Core.h(20,28): warning C4251: 'TuranAPI::Logging::Logger::ErrorLogFile_Path': class 'TuranAPI::STL::String' needs to have dll-interface to be used by clients of class 'TuranAPI::Logging::Logger'
C:\dev\TuranEngine\TuranAPI\TuranAPI\TSTL\TSTL_Core.h(8): message : see declaration of 'TuranAPI::STL::String'
C:\dev\TuranEngine\TuranAPI\TuranAPI\FileSystem\Logger\Logger_Core.h(21,31): warning C4251: 'TuranAPI::Logging::Logger::NotCodedLogFile_Path': class 'TuranAPI::STL::String' needs to have dll-interface to be used by clients of class 'TuranAPI::Logging::Logger'
C:\dev\TuranEngine\TuranAPI\TuranAPI\TSTL\TSTL_Core.h(8): message : see declaration of 'TuranAPI::STL::String'
C:\dev\TuranEngine\TuranAPI\TuranAPI\FileSystem\Logger\Logger_Core.h(22,20): warning C4251: 'TuranAPI::Logging::Logger::LOGs': class 'TuranAPI::STL::Vector<TuranAPI::Logging::LOG>' needs to have dll-interface to be used by clients of class 'TuranAPI::Logging::Logger'
C:\dev\TuranEngine\TuranAPI\TuranAPI\FileSystem\Logger\Logger_Core.h(22): message : see declaration of 'TuranAPI::STL::Vector<TuranAPI::Logging::LOG>'
C:\dev\TuranEngine\TuranAPI\TuranAPI\IMGUI\IMGUI_WINDOW.h(12,23): warning C4251: 'TuranAPI::IMGUI::IMGUI_WindowManager::IMGUI_WINDOW::Window_Name': class 'TuranAPI::STL::String' needs to have dll-interface to be used by clients of class 'TuranAPI::IMGUI::IMGUI_WindowManager::IMGUI_WINDOW'
C:\dev\TuranEngine\TuranAPI\TuranAPI\TSTL\TSTL_Core.h(8): message : see declaration of 'TuranAPI::STL::String'
C:\dev\TuranEngine\TuranAPI\TuranAPI\IMGUI\IMGUI_WINDOW.h(24,43): warning C4251: 'TuranAPI::IMGUI::IMGUI_WindowManager::ALL_IMGUI_WINDOWs': class 'TuranAPI::STL::Vector<TuranAPI::IMGUI::IMGUI_WindowManager::IMGUI_WINDOW *>' needs to have dll-interface to be used by clients of class 'TuranAPI::IMGUI::IMGUI_WindowManager'
C:\dev\TuranEngine\TuranAPI\TuranAPI\IMGUI\IMGUI_WINDOW.h(24): message : see declaration of 'TuranAPI::STL::Vector<TuranAPI::IMGUI::IMGUI_WindowManager::IMGUI_WINDOW *>'
C:\dev\TuranEngine\TuranAPI\TuranAPI\FileSystem\Resource_Types\GameObjects\GameComponents\GameComponent.h(13,17): warning C4251: 'TuranAPI::Game_Object::GameComponent::POSITION': struct 'glm::tvec3<float,glm::packed_highp>' needs to have dll-interface to be used by clients of class 'TuranAPI::Game_Object::GameComponent'
C:\dev\TuranEngine\3rdPartyLibraries\Includes\glm\detail\type_vec.hpp(245): message : see declaration of 'glm::tvec3<float,glm::packed_highp>'
C:\dev\TuranEngine\TuranAPI\TuranAPI\FileSystem\Resource_Types\GameObjects\GameComponents\GameComponent.h(13,27): warning C4251: 'TuranAPI::Game_Object::GameComponent::ROTATION': struct 'glm::tvec3<float,glm::packed_highp>' needs to have dll-interface to be used by clients of class 'TuranAPI::Game_Object::GameComponent'
C:\dev\TuranEngine\3rdPartyLibraries\Includes\glm\detail\type_vec.hpp(245): message : see declaration of 'glm::tvec3<float,glm::packed_highp>'
C:\dev\TuranEngine\TuranAPI\TuranAPI\FileSystem\Resource_Types\GameObjects\GameComponents\GameComponent.h(13,34): warning C4251: 'TuranAPI::Game_Object::GameComponent::SCALE': struct 'glm::tvec3<float,glm::packed_highp>' needs to have dll-interface to be used by clients of class 'TuranAPI::Game_Object::GameComponent'
C:\dev\TuranEngine\3rdPartyLibraries\Includes\glm\detail\type_vec.hpp(245): message : see declaration of 'glm::tvec3<float,glm::packed_highp>'
C:\dev\TuranEngine\TuranAPI\TuranAPI\FileSystem\Resource_Types\GameObjects\GameComponents\GameComponent.h(19,15): warning C4251: 'TuranAPI::Game_Object::GameComponent::NAME': class 'TuranAPI::STL::String' needs to have dll-interface to be used by clients of class 'TuranAPI::Game_Object::GameComponent'
C:\dev\TuranEngine\TuranAPI\TuranAPI\TSTL\TSTL_Core.h(8): message : see declaration of 'TuranAPI::STL::String'
C:\dev\TuranEngine\TuranAPI\TuranAPI\FileSystem\Resource_Types\GameObjects\GameComponents\Camera_Component.h(10,20): warning C4251: 'TuranAPI::Game_Object::Camera_Component::View_Matrix': struct 'glm::tmat4x4<float,glm::packed_highp>' needs to have dll-interface to be used by clients of class 'TuranAPI::Game_Object::Camera_Component'
C:\dev\TuranEngine\3rdPartyLibraries\Includes\glm\detail\type_mat.hpp(304): message : see declaration of 'glm::tmat4x4<float,glm::packed_highp>'
C:\dev\TuranEngine\TuranAPI\TuranAPI\FileSystem\Resource_Types\GameObjects\GameComponents\Camera_Component.h(10,39): warning C4251: 'TuranAPI::Game_Object::Camera_Component::Projection_Matrix': struct 'glm::tmat4x4<float,glm::packed_highp>' needs to have dll-interface to be used by clients of class 'TuranAPI::Game_Object::Camera_Component'
C:\dev\TuranEngine\3rdPartyLibraries\Includes\glm\detail\type_mat.hpp(304): message : see declaration of 'glm::tmat4x4<float,glm::packed_highp>'
C:\dev\TuranEngine\TuranAPI\TuranAPI\FileSystem\Resource_Types\GameObjects\GameComponents\Camera_Component.h(14,15): warning C4251: 'TuranAPI::Game_Object::Camera_Component::Target': struct 'glm::tvec3<float,glm::packed_highp>' needs to have dll-interface to be used by clients of class 'TuranAPI::Game_Object::Camera_Component'
C:\dev\TuranEngine\3rdPartyLibraries\Includes\glm\detail\type_vec.hpp(245): message : see declaration of 'glm::tvec3<float,glm::packed_highp>'
C:\dev\TuranEngine\TuranAPI\TuranAPI\FileSystem\Resource_Types\GameObjects\GameComponents\Camera_Component.h(11,53): warning C4244: 'initializing': conversion from 'float' to 'unsigned short', possible loss of data
C:\dev\TuranEngine\TuranAPI\TuranAPI\FileSystem\Resource_Types\GameObjects\GameComponents\Camera_Component.h(11,78): warning C4244: 'initializing': conversion from 'float' to 'unsigned short', possible loss of data
C:\dev\TuranEngine\TuranAPI\TuranAPI\FileSystem\Resource_Types\GameObjects\GameComponents\StaticModel_Component.h(20,24): warning C4251: 'TuranAPI::Game_Object::StaticModel_Component::Model_Transform': struct 'glm::tmat4x4<float,glm::packed_highp>' needs to have dll-interface to be used by clients of class 'TuranAPI::Game_Object::StaticModel_Component'
C:\dev\TuranEngine\3rdPartyLibraries\Includes\glm\detail\type_mat.hpp(304): message : see declaration of 'glm::tmat4x4<float,glm::packed_highp>'
C:\dev\TuranEngine\TuranAPI\TuranAPI\FileSystem\Resource_Types\GameObjects\GameComponents\StaticModel_Component.h(22,63): warning C4251: 'TuranAPI::Game_Object::StaticModel_Component::MATERIALs': class 'TuranAPI::STL::Vector<TuranAPI::File_System::Material_Instance *>' needs to have dll-interface to be used by clients of class 'TuranAPI::Game_Object::StaticModel_Component'
C:\dev\TuranEngine\TuranAPI\TuranAPI\FileSystem\Resource_Types\Material_Type_Resource.h(42): message : see declaration of 'TuranAPI::STL::Vector<TuranAPI::File_System::Material_Instance *>'
C:\dev\TuranEngine\TuranAPI\TuranAPI\FileSystem\Resource_Types\Scene_Resource.h(13,38): warning C4251: 'TuranAPI::File_System::Scene_Resource::ALL_SCENEs': class 'TuranAPI::STL::Vector<TuranAPI::File_System::Scene_Resource *>' needs to have dll-interface to be used by clients of class 'TuranAPI::File_System::Scene_Resource'
C:\dev\TuranEngine\TuranAPI\TuranAPI\FileSystem\Resource_Types\Scene_Resource.h(13): message : see declaration of 'TuranAPI::STL::Vector<TuranAPI::File_System::Scene_Resource *>'
C:\dev\TuranEngine\TuranAPI\TuranAPI\FileSystem\Resource_Types\Scene_Resource.h(18,56): warning C4251: 'TuranAPI::File_System::Scene_Resource::ADDED_COMPONENTs': class 'TuranAPI::STL::Vector<TuranAPI::Game_Object::GameComponent *>' needs to have dll-interface to be used by clients of class 'TuranAPI::File_System::Scene_Resource'
C:\dev\TuranEngine\TuranAPI\TuranAPI\FileSystem\Resource_Types\Scene_Resource.h(18): message : see declaration of 'TuranAPI::STL::Vector<TuranAPI::Game_Object::GameComponent *>'
C:\dev\TuranEngine\TuranAPI\TuranAPI\TuranAPI_Core.h(26,31): warning C4251: 'TuranAPI::TAPI_Systems::MemoryManager': class 'TuranAPI::MemoryManagement::TMemoryManager' needs to have dll-interface to be used by clients of class 'TuranAPI::TAPI_Systems'
C:\dev\TuranEngine\TuranAPI\TuranAPI\MemoryManager\MemoryManager_Core.h(34): message : see declaration of 'TuranAPI::MemoryManagement::TMemoryManager'
C:\dev\TuranEngine\GFX_API\GFXSource\Renderer\GFX_Resource.h(31,34): warning C4251: 'GFX_API::Framebuffer::BOUND_RTs': class 'TuranAPI::STL::Vector<GFX_API::RenderTarget *>' needs to have dll-interface to be used by clients of struct 'GFX_API::Framebuffer'
C:\dev\TuranEngine\GFX_API\GFXSource\Renderer\GFX_Resource.h(31): message : see declaration of 'TuranAPI::STL::Vector<GFX_API::RenderTarget *>'
C:\dev\TuranEngine\GFX_API\GFXSource\Renderer\GFX_Resource.h(42,35): warning C4251: 'GFX_API::GPU_MESH::ALL_GPU_MESHes': class 'TuranAPI::STL::Vector<GFX_API::GPU_MESH *>' needs to have dll-interface to be used by clients of struct 'GFX_API::GPU_MESH'
C:\dev\TuranEngine\GFX_API\GFXSource\Renderer\GFX_Resource.h(42): message : see declaration of 'TuranAPI::STL::Vector<GFX_API::GPU_MESH *>'
C:\dev\TuranEngine\GFX_API\GFXSource\Renderer\GFX_RenderGraph.h(30,14): warning C4251: 'GFX_API::DrawPass::NAME': class 'TuranAPI::STL::String' needs to have dll-interface to be used by clients of class 'GFX_API::DrawPass'
C:\dev\TuranEngine\TuranAPI\TuranAPI\TSTL\TSTL_Core.h(8): message : see declaration of 'TuranAPI::STL::String'
C:\dev\TuranEngine\GFX_API\GFXSource\Renderer\GFX_RenderGraph.h(51,35): warning C4251: 'GFX_API::RenderGraph::RENDER_NODEs': class 'TuranAPI::STL::Vector<GFX_API::RenderNode *>' needs to have dll-interface to be used by clients of class 'GFX_API::RenderGraph'
C:\dev\TuranEngine\GFX_API\GFXSource\Renderer\GFX_RenderGraph.h(51): message : see declaration of 'TuranAPI::STL::Vector<GFX_API::RenderNode *>'
C:\dev\TuranEngine\GFX_API\GFXSource\Renderer\GFX_RenderGraph.h(56,14): warning C4251: 'GFX_API::RenderGraph::NAME': class 'TuranAPI::STL::String' needs to have dll-interface to be used by clients of class 'GFX_API::RenderGraph'
C:\dev\TuranEngine\TuranAPI\TuranAPI\TSTL\TSTL_Core.h(8): message : see declaration of 'TuranAPI::STL::String'
C:\dev\TuranEngine\GFX_API\GFXSource\Renderer\GFX_Renderer.h(33,42): warning C4251: 'GFX_API::Renderer::Bound_RenderGraphs': class 'TuranAPI::STL::Vector<GFX_API::RenderGraph *>' needs to have dll-interface to be used by clients of class 'GFX_API::Renderer'
C:\dev\TuranEngine\GFX_API\GFXSource\Renderer\GFX_Renderer.h(33): message : see declaration of 'TuranAPI::STL::Vector<GFX_API::RenderGraph *>'
C:\dev\TuranEngine\GFX_API\GFXSource\Renderer\GFX_Renderer.h(34,53): warning C4251: 'GFX_API::Renderer::RenderGraphIDs_toRunThisFrame': class 'TuranAPI::STL::Vector<unsigned int>' needs to have dll-interface to be used by clients of class 'GFX_API::Renderer'
C:\dev\TuranEngine\GFX_API\GFXSource\Renderer\GFX_Renderer.h(34): message : see declaration of 'TuranAPI::STL::Vector<unsigned int>'
C:\dev\TuranEngine\TuranAPI\TuranAPI\TSTL\Vector.h(122): warning C4172: returning address of local variable or temporary: defaultvar
C:\dev\TuranEngine\TuranAPI\TuranAPI\TSTL\Vector.h(122): warning C4172: returning address of local variable or temporary: defaultvar
     Creating library C:\dev\TuranEngine\bin\GFX_API\GFX_API.lib and object C:\dev\TuranEngine\bin\GFX_API\GFX_API.exp
  LINK : /LTCG specified but no code generation required; remove /LTCG from the link command line to improve linker performance
  GFX_API.vcxproj -> C:\dev\TuranEngine\bin\GFX_API\GFX_API.dll
  C:\dev\TuranEngine\bin\GFX_API\GFX_API.dll
  1 File(s) copied
  C:\dev\TuranEngine\bin\GFX_API\GFX_API.dll
  1 File(s) copied
  C:\dev\TuranEngine\bin\GFX_API\GFX_API.dll
  1 File(s) copied
