c:\dev\turanengıne\bın-ınt\turanapı\vc142.pdb
c:\dev\turanengıne\bın-ınt\turanapı\model_resource.obj
c:\dev\turanengıne\bın-ınt\turanapı\materıal_type_resource.obj
c:\dev\turanengıne\bın-ınt\turanapı\statıcmodel_component.obj
c:\dev\turanengıne\bın-ınt\turanapı\load_texture.obj
c:\dev\turanengıne\bın-ınt\turanapı\load_scene_resource.obj
c:\dev\turanengıne\bın-ınt\turanapı\load_model.obj
c:\dev\turanengıne\bın-ınt\turanapı\load_materıal_type.obj
c:\dev\turanengıne\bın-ınt\turanapı\load_materıal_ınstance.obj
c:\dev\turanengıne\bın-ınt\turanapı\load_fılelıst_resource.obj
c:\dev\turanengıne\bın-ınt\turanapı\fılesystem_core.obj
c:\dev\turanengıne\bın-ınt\turanapı\profıler_core.obj
c:\dev\turanengıne\bın-ınt\turanapı\ımguı.obj
c:\dev\turanengıne\bın-ınt\turanapı\ımguı_wındow.obj
c:\dev\turanengıne\bın-ınt\turanapı\resource_type.obj
c:\dev\turanengıne\bın-ınt\turanapı\ımguı_core.obj
c:\dev\turanengıne\bın-ınt\turanapı\texture_resource.obj
c:\dev\turanengıne\bın-ınt\turanapı\scene_resource.obj
c:\dev\turanengıne\bın-ınt\turanapı\gamecomponent.obj
c:\dev\turanengıne\bın-ınt\turanapı\camera_component.obj
c:\dev\turanengıne\bın-ınt\turanapı\fılelıst_resource.obj
c:\dev\turanengıne\bın-ınt\turanapı\apı_ıncludes.obj
c:\dev\turanengıne\bın-ınt\turanapı\ımguı_wıdgets.obj
c:\dev\turanengıne\bın-ınt\turanapı\ımguı_stdlıb.obj
c:\dev\turanengıne\bın-ınt\turanapı\ımguı_draw.obj
c:\dev\turanengıne\bın-ınt\turanapı\ımguı_demo.obj
c:\dev\turanengıne\bın-ınt\turanapı\apı_enums.obj
c:\dev\turanengıne\bın-ınt\turanapı\logger_core.obj
c:\dev\turanengıne\bın-ınt\turanapı\memorymanager_core.obj
c:\dev\turanengıne\bın-ınt\turanapı\vector.obj
c:\dev\turanengıne\bın-ınt\turanapı\tstl_core.obj
c:\dev\turanengıne\bın-ınt\turanapı\turanapı_core.obj
c:\dev\turanengıne\bın\turanapı\turanapı.dll
c:\dev\turanengıne\bın\turanapı\turanapı.pdb
c:\dev\turanengine\bin\turanapı\turanapı.lib
c:\dev\turanengine\bin\turanapı\turanapı.exp
c:\dev\turanengine\bin\turanapı\turanapı.ipdb
c:\dev\turanengine\bin\turanapı\turanapı.iobj
c:\dev\turanengine\bin-int\turanapı\apı_enums.obj
c:\dev\turanengine\bin-int\turanapı\apı_includes.obj
c:\dev\turanengine\bin-int\turanapı\camera_component.obj
c:\dev\turanengine\bin-int\turanapı\filelist_resource.obj
c:\dev\turanengine\bin-int\turanapı\filesystem_core.obj
c:\dev\turanengine\bin-int\turanapı\gamecomponent.obj
c:\dev\turanengine\bin-int\turanapı\imgui.obj
c:\dev\turanengine\bin-int\turanapı\ımguı_core.obj
c:\dev\turanengine\bin-int\turanapı\imgui_demo.obj
c:\dev\turanengine\bin-int\turanapı\imgui_draw.obj
c:\dev\turanengine\bin-int\turanapı\imgui_stdlib.obj
c:\dev\turanengine\bin-int\turanapı\imgui_widgets.obj
c:\dev\turanengine\bin-int\turanapı\ımguı_wındow.obj
c:\dev\turanengine\bin-int\turanapı\load_filelist_resource.obj
c:\dev\turanengine\bin-int\turanapı\load_material_ınstance.obj
c:\dev\turanengine\bin-int\turanapı\load_material_type.obj
c:\dev\turanengine\bin-int\turanapı\load_model.obj
c:\dev\turanengine\bin-int\turanapı\load_scene_resource.obj
c:\dev\turanengine\bin-int\turanapı\load_texture.obj
c:\dev\turanengine\bin-int\turanapı\logger_core.obj
c:\dev\turanengine\bin-int\turanapı\material_type_resource.obj
c:\dev\turanengine\bin-int\turanapı\memorymanager_core.obj
c:\dev\turanengine\bin-int\turanapı\model_resource.obj
c:\dev\turanengine\bin-int\turanapı\profiler_core.obj
c:\dev\turanengine\bin-int\turanapı\resource_type.obj
c:\dev\turanengine\bin-int\turanapı\scene_resource.obj
c:\dev\turanengine\bin-int\turanapı\staticmodel_component.obj
c:\dev\turanengine\bin-int\turanapı\texture_resource.obj
c:\dev\turanengine\bin-int\turanapı\tstl_core.obj
c:\dev\turanengine\bin-int\turanapı\turanapı_core.obj
c:\dev\turanengine\bin-int\turanapı\vector.obj
c:\dev\turanengine\bin-int\turanapı\nativecodeanalysis.read.1.tlog
c:\dev\turanengine\bin-int\turanapı\turanapı.pdb
c:\dev\turanengine\bin-int\turanapı\vc142.pdb
c:\dev\turanengine\bin-int\turanapı\apı_includes.nativecodeanalysis.xml
c:\dev\turanengine\bin-int\turanapı\camera_component.nativecodeanalysis.xml
c:\dev\turanengine\bin-int\turanapı\filelist_resource.nativecodeanalysis.xml
c:\dev\turanengine\bin-int\turanapı\filesystem_core.nativecodeanalysis.xml
c:\dev\turanengine\bin-int\turanapı\gamecomponent.nativecodeanalysis.xml
c:\dev\turanengine\bin-int\turanapı\imgui.nativecodeanalysis.xml
c:\dev\turanengine\bin-int\turanapı\ımguı_core.nativecodeanalysis.xml
c:\dev\turanengine\bin-int\turanapı\imgui_demo.nativecodeanalysis.xml
c:\dev\turanengine\bin-int\turanapı\imgui_draw.nativecodeanalysis.xml
c:\dev\turanengine\bin-int\turanapı\imgui_stdlib.nativecodeanalysis.xml
c:\dev\turanengine\bin-int\turanapı\imgui_widgets.nativecodeanalysis.xml
c:\dev\turanengine\bin-int\turanapı\ımguı_wındow.nativecodeanalysis.xml
c:\dev\turanengine\bin-int\turanapı\load_filelist_resource.nativecodeanalysis.xml
c:\dev\turanengine\bin-int\turanapı\load_material_ınstance.nativecodeanalysis.xml
c:\dev\turanengine\bin-int\turanapı\load_material_type.nativecodeanalysis.xml
c:\dev\turanengine\bin-int\turanapı\load_model.nativecodeanalysis.xml
c:\dev\turanengine\bin-int\turanapı\load_scene_resource.nativecodeanalysis.xml
c:\dev\turanengine\bin-int\turanapı\load_texture.nativecodeanalysis.xml
c:\dev\turanengine\bin-int\turanapı\material_type_resource.nativecodeanalysis.xml
c:\dev\turanengine\bin-int\turanapı\model_resource.nativecodeanalysis.xml
c:\dev\turanengine\bin-int\turanapı\profiler_core.nativecodeanalysis.xml
c:\dev\turanengine\bin-int\turanapı\resource_type.nativecodeanalysis.xml
c:\dev\turanengine\bin-int\turanapı\scene_resource.nativecodeanalysis.xml
c:\dev\turanengine\bin-int\turanapı\staticmodel_component.nativecodeanalysis.xml
c:\dev\turanengine\bin-int\turanapı\texture_resource.nativecodeanalysis.xml
c:\dev\turanengine\bin-int\turanapı\vc.nativecodeanalysis.all.xml
c:\dev\turanengine\bin\turanapı\turanapı.pdb
c:\dev\turanengine\bin\turanapı\turanapı.dll
c:\dev\turanengine\bin-int\turanapı\turanapı.tlog\cl.command.1.tlog
c:\dev\turanengine\bin-int\turanapı\turanapı.tlog\cl.read.1.tlog
c:\dev\turanengine\bin-int\turanapı\turanapı.tlog\cl.write.1.tlog
c:\dev\turanengine\bin-int\turanapı\turanapı.tlog\link.command.1.tlog
c:\dev\turanengine\bin-int\turanapı\turanapı.tlog\link.delete.1.tlog
c:\dev\turanengine\bin-int\turanapı\turanapı.tlog\link.read.1.tlog
c:\dev\turanengine\bin-int\turanapı\turanapı.tlog\link.write.1.tlog
c:\dev\turanengine\bin-int\turanapı\turanapı.tlog\turanapı.write.1u.tlog
